Error,ActionRecommended
Invalid character,Check the character
Invalid password format,Reset password using required criteria
Password too short,Use a longer password
Missing required field,Fill in all mandatory fields
Invalid email address,Enter a valid email format
Username not found,Verify username or register
Account locked,Wait or unlock via verification
Session expired,Log in again
Access denied,Check permissions
File upload failed,Retry uploading the file
Unsupported file type,Upload a supported format
File too large,Reduce file size
Network timeout,Check internet and retry
Server unavailable,Try again later
Invalid date format,Use correct date pattern
Start date after end date,Correct the date range
Duplicate entry detected,Remove duplicate data
Payment declined,Use another payment method
Card expired,Update card details
Insufficient balance,Add funds to account
Invalid CVV,Enter correct CVV
Billing address mismatch,Verify billing address
Coupon invalid,Enter valid coupon code
Coupon expired,Use an active coupon
Item out of stock,Select alternative item
Quantity exceeds limit,Reduce quantity
Invalid search query,Refine search terms
No results found,Try different keywords
Location not detected,Enable location services
GPS disabled,Turn on GPS
Camera permission denied,Allow camera access
Microphone blocked,Enable microphone permission
App outdated,Update application
Feature not supported,Use supported feature
Invalid API key,Provide valid API key
Rate limit exceeded,Retry after some time
Data parsing error,Validate input format
Database connection lost,Retry connection
Record not found,Check record ID
Operation timed out,Retry operation
Conflict detected,Refresh and resubmit
Unauthorized request,Authenticate again
Token expired,Login to refresh token
Invalid input value,Correct highlighted field
Null value encountered,Provide missing value
Unexpected error occurred,Retry or contact support
Memory limit exceeded,Reduce data size
Disk full,Free storage space
Permission denied for file,Check file permissions
Path not found,Verify file path
Invalid configuration,Correct configuration settings
Service not running,Start the service
Port already in use,Use different port
SSL certificate invalid,Update certificate
Connection refused,Check server status
Broken link detected,Update URL
Malformed request,Fix request structure
Unsupported operation,Use allowed operation
Dependency missing,Install required dependency
Version mismatch,Update to compatible version
Syntax error in input,Correct syntax
Illegal operation attempted,Use valid operation
Resource busy,Retry later
Read error,Retry reading data
Write error,Retry writing data
Corrupted file detected,Upload valid file
Invalid JSON format,Fix JSON structure
XML parsing failed,Correct XML format
Encoding error,Use supported encoding
Invalid numeric value,Enter valid number
Divide by zero,Provide non zero divisor
Overflow error,Reduce input size
Underflow error,Adjust input values
Index out of range,Check index bounds
Key not found,Verify key name
Duplicate key error,Use unique key
Timeout while waiting,Retry request
Authentication failed,Check credentials
Authorization failed,Verify access rights
Invalid session token,Login again
Too many requests,Slow down requests
Service temporarily down,Try later
Maintenance in progress,Wait until maintenance ends
Invalid URL,Enter valid URL
Host unreachable,Check network connectivity
DNS lookup failed,Verify domain name
Protocol error,Use correct protocol
Handshake failed,Retry secure connection
Compression error,Disable compression or retry
Decompression failed,Check compressed file
Cache miss,Reload data
Cache corrupted,Clear cache
Invalid state detected,Reset application state
Initialization failed,Restart system
Shutdown in progress,Wait until complete
Background task failed,Retry task
Queue full,Retry later
Message format invalid,Correct message structure
Notification delivery failed,Retry sending
Invalid header,Fix header values
Missing parameter,Provide required parameter
Parameter out of range,Adjust parameter value
Type mismatch,Use correct data type
Conversion failed,Check conversion rules
Parsing exception,Validate input
Unsupported encoding,Use UTF 8 or supported encoding
Language not supported,Choose supported language
Timezone invalid,Select valid timezone
Currency not supported,Use supported currency
Exchange rate unavailable,Retry later
Map data not loaded,Reload map data
Route not found,Enter valid route
Device not connected,Check device connection
Bluetooth disabled,Enable Bluetooth
WiFi disconnected,Reconnect WiFi
Low battery,Charge device
Hardware failure detected,Contact support
Sensor error,Restart device
Calibration required,Calibrate device
Printer not found,Check printer connection
Paper jam detected,Clear paper jam
Ink low,Replace ink cartridge
Scan failed,Retry scanning
Audio device not found,Check audio settings
Video device error,Restart camera device
Display not detected,Reconnect display
Driver missing,Install drivers
Driver outdated,Update driver
System overload,Reduce workload
Process crashed,Restart process
Thread deadlock detected,Restart application
Security violation,Review security settings
Malware detected,Run antivirus scan
Firewall blocked request,Allow through firewall
Policy restriction applied,Contact administrator
Data validation failed,Correct input data
Business rule violation,Adjust data to rules
Duplicate transaction,Cancel duplicate
Transaction not permitted,Check account permissions
Account suspended,Contact support
Limit exceeded,Wait or increase limit
Invalid beneficiary details,Verify details
Transfer failed,Retry transfer
Settlement pending,Wait for completion
Report generation failed,Retry report
Export failed,Retry export
Import failed,Check file and retry
Backup failed,Retry backup
Restore failed,Verify backup file
Log file missing,Enable logging
Audit trail error,Check audit configuration
Monitoring agent offline,Restart agent
Alert threshold exceeded,Investigate issue
Configuration locked,Unlock settings
License expired,Renew license
License invalid,Enter valid license
Subscription inactive,Activate subscription
Feature disabled by admin,Contact administrator
User already exists,Use different username
Group not found,Verify group name
Role assignment failed,Retry assignment
Password reuse not allowed,Choose new password
Password complexity not met,Use stronger password
Security questions not set,Configure security questions
Profile incomplete,Complete profile details
Avatar upload failed,Retry upload
Theme load failed,Reset theme
Plugin error,Disable or update plugin
Extension conflict detected,Disable conflicting extension
Module not initialized,Initialize module
Service dependency failed,Restart dependencies
Cluster node unreachable,Check node status
Replication lag detected,Wait for sync
Data inconsistency found,Run reconciliation
Schema mismatch,Update schema
Migration failed,Review migration logs
Rollback required,Initiate rollback
Checkpoint not reached,Retry process
Workflow failed,Restart workflow
Approval pending,Wait for approval
Task assignment failed,Reassign task
Schedule conflict,Choose different time
Reminder not sent,Check notification settings
Calendar sync failed,Retry sync
Contact not found,Verify contact details
Message not delivered,Retry sending
Attachment missing,Add attachment
Draft not saved,Save again
Auto save failed,Save manually
Preview not available,Download file to view
Unsupported browser,Use supported browser
Script execution error,Check script
Page not found,Verify URL
Form submission failed,Retry submission
CSRF token missing,Refresh page and retry
Cross origin blocked,Adjust CORS settings
Iframe blocked,Allow embedding
Cookie disabled,Enable cookies
Local storage unavailable,Enable storage access
Session storage full,Clear storage
History unavailable,Reload application
Bookmark failed,Retry bookmarking
Download interrupted,Retry download
Upload interrupted,Retry upload
Streaming error,Restart stream
Playback failed,Check media file
Codec not supported,Install required codec
Subtitle missing,Add subtitle file
Language pack missing,Install language pack
Voice recognition failed,Retry speaking clearly
Text to speech error,Restart feature
AI model unavailable,Try later
Prediction failed,Provide valid input
Training data insufficient,Add more data
Model convergence failed,Tune parameters
Inference timeout,Retry prediction
Evaluation failed,Check dataset
Visualization error,Reload chart
Dashboard not loading,Refresh dashboard
Widget failed to render,Reload widget
API response invalid,Validate API output
Webhook delivery failed,Retry webhook
Event processing failed,Retry event
error_message,recommended_action
SyntaxError,Check for missing colons (:) or mismatched parentheses and quotes.
IndentationError,Ensure consistent use of 4 spaces per level; do not mix tabs and spaces.
NameError,Verify the variable name is spelled correctly and was defined before being used.
TypeError,Ensure you are not mixing incompatible types (e.g. adding a string to an integer).
ValueError,Validate that the data content is appropriate for the function (e.g. non-numeric strings in int()).
IndexError,Check that the list index exists; remember that Python indexing starts at 0.
KeyError,Verify the key exists in the dictionary or use the .get() method for a safe default.
AttributeError,Confirm the object actually has the method or attribute you are trying to call.
ModuleNotFoundError,Use 'pip install' to install the missing package in your current environment.
FileNotFoundError,Check the file path for typos and use absolute paths if the script moves.
ZeroDivisionError,Add a check to ensure the denominator is not zero before performing division.
RecursionError,Ensure your recursive function has a base case to prevent an infinite loop.
ImportError,Check if the module is installed or if there is a circular dependency.
File too large: too many records or columns,"Split the file into smaller chunks or increase the memory limit of the importing application."
Map the remaining required fields to proceed,"Review the list of mandatory attributes and ensure all necessary columns are correctly mapped in the CSV."
Incomplete final line warning,"Ensure the last line of your CSV file ends with a linefeed (\n) or carriage return (\r\n) character."
Disallowed characters in column {column},"Find and strip non-printing or POSIX non-compliant characters from your data using a text editor like [Notepad++](url)."
403 Forbidden: client error calling HeadObject,"Verify that the AWS CLI or user has the correct IAM permissions for the S3 bucket or object."
400 Bad Request: missing right syntax,"Check for unescaped special characters in the request string or CSV data and validate syntax."
Could not generate CSV file,"Check if the temporary storage directory exists and has sufficient write permissions."
The specified action can be called only once,"Verify user permissions; some roles cannot be inherited through teams and must be assigned directly."
XML isn't in correct format (0xC0010009),"Fix the mapping in the data project or ensure the CSV file contains all expected columns defined in the schema."
Literal does not match format string (ORA-01861),"Check that the date or number format in the CSV matches the expected format string in the database."
CSV delimiter appearing in data column,"Wrap data values containing commas in quotation marks or use a different delimiter like a pipe (|) or semicolon (;)."
Unicode conversion/Encoding issues,"Save the file as UTF-8 encoding to ensure all special characters are supported and readable across systems."
Storage integration link broken,"Recreate the association between the external stage and the storage integration if the latter was recreated."
CSV format error: Column count mismatch,"Check for stray commas in your data and ensure every row has the same number of delimiters as the header."
404 Not Found: Resource does not exist,"Verify the endpoint URL or object ID; check the [Google Cloud Status Dashboard](https://status.cloud.google.com) for service outages."
Invalid boolean value in column {x},"Ensure true/false columns contain only '1/0', 'True/False', or 'Yes/No' as defined by the [Salesforce Data Loader](https://help.salesforce.com) requirements."
Maximum string length exceeded,"Truncate text fields to stay within the character limits of the target database schema."
504 Gateway Timeout,"Increase the timeout settings on your load balancer or optimize the CSV processing logic to handle larger batches."
Missing header row,"Add a descriptive first row to your CSV or specify 'no header' in your [Pandas read_csv](https://pandas.pydata.org) or import settings."
Data type mismatch: expected Integer found String,"Audit the specified column for non-numeric characters, spaces, or currency symbols that prevent mathematical parsing."
Access Denied: S3 bucket policy restriction,"Update the [AWS S3 Bucket Policy](https://aws.amazon.com) to allow the 'GetObject' or 'PutObject' action for your user."
Trailing whitespace in key fields,"Use a 'Trim' function or a [Python script](https://docs.python.org) to remove leading/trailing spaces that cause lookup failures."
Disk full while writing CSV,"Clear temporary system files or redirect the output stream to a volume with more available storage space."
BOM (Byte Order Mark) detected,"Save the CSV as 'UTF-8 without BOM' to prevent mapping errors in systems like [Microsoft SQL Server](https://learn.microsoft.com)."
Null value in non-nullable column,"Identify rows with empty fields and provide a default value or remove the row before importing into the [PostgreSQL database](https://www.postgresql.org)."
Cyclic dependency detected in records,"Review parent-child relationships in your CSV to ensure no record references itself or creates an infinite loop."
Permission denied: (publickey),"Ensure your SSH key is added to the [GitHub Agent](https://docs.github.com) or server authorized_keys file."
500 Internal Server Error,"Check the server-side logs for a stack trace; the issue is likely a crash in the [backend API](https://developer.mozilla.org) logic."
Malformed header: contains illegal characters,"Remove symbols like #, $, or % from your CSV header row to comply with [BigQuery table naming](https://cloud.google.com) rules."
Invalid URI: The format could not be determined,"Check that URLs in your data columns are properly prefixed with http:// or https://."
Locked record: record currently being edited,"Retry the import after the target record is released by the current user or background process."
Connection refused: port 5432,"Verify that the database service is running and that the [firewall allows traffic](https://docs.aws.amazon.com) on that specific port."
Too many open files,"Increase the system's ulimit or ensure your script explicitly closes file handles after processing each CSV."
401 Unauthorized: Expired Token,"Refresh your [OAuth 2.0 access token](https://auth0.com) or re-authenticate to obtain a new session."
CSRF token mismatch,"Ensure your request includes a valid CSRF token in the headers to pass [OWASP security checks](https://cheatsheetseries.owasp.org)."
Account locked due to multiple failed attempts,"Wait for the lockout period to expire or reset your credentials via the [identity provider's portal](https://support.microsoft.com)."
SSL Certificate Expired,"Renew the certificate for your domain using [Let's Encrypt](https://letsencrypt.org) or check your system clock settings."
Rate limit exceeded: IP throttled,"Reduce the frequency of requests or request an [API quota increase](https://developers.google.com) from the provider."
Dependency version conflict (DLL Hell),"Use a virtual environment or [Docker container](https://www.docker.com) to isolate specific library versions."
DNS lookup failed: NXDOMAIN,"Verify the domain spelling or check if the record is correctly configured in your [Cloudflare DNS dashboard](https://dash.cloudflare.com)."
Resource limit hit: Out of Memory (OOM),"Optimize your script to use generators instead of loading the full CSV into a [Pandas DataFrame](https://pandas.pydata.org)."
Broken Pipe (EPIPE),"Ensure the remote socket is still open before sending data; check for network stability or server-side timeouts."
File not found in expected directory,"Use absolute paths instead of relative paths to ensure your [Python or Node.js script](https://nodejs.org) locates the CSV correctly."
Deployment failed: Health check timeout,"Increase the grace period in your [AWS ECS](https://docs.aws.amazon.com) or Kubernetes liveness probe settings."
Merge conflict in {file_name},"Manually resolve overlapping changes in [Git](https://docs.github.com) and commit the fixed version."
Insufficient disk space on node,"Run 'docker system prune' or expand the EBS volume via the [AWS Console](https://console.aws.amazon.com)."
Container crashed: Exit Code 137,"Allocate more memory to the container, as this usually indicates an [OOMKilled](https://kubernetes.io) event."
Validation error: Schema mismatch,"Update your [JSON Schema](https://json-schema.org) or CSV mapping to align with the latest API version definitions."
Deprecated API call: {endpoint},"Update your integration to use the newer version specified in the [developer changelog](https://developer.mozilla.org)."
Pipeline stalled: No runners available,"Check the status of your [GitHub Actions](https://github.com) self-hosted runners or increase your concurrent job quota."
Invalid CORS policy: Origin not allowed,"Add your domain to the 'Access-Control-Allow-Origin' header in your [server configuration](https://developer.mozilla.org)."
Upstream dependency failed (502 Bad Gateway),"Verify that the backend service behind the [Nginx proxy](https://docs.nginx.com) is actually running."
Write permissions denied on /var/www/,"Change the folder ownership to the web server user (e.g., www-data) using [chown](https://linux.die.net)."
Network timeout: Connection abandoned,"Check your local firewall settings or use [Speedtest by Ookla](https://www.speedtest.net) to verify stable upload bandwidth."
Invalid SSH private key permissions,"Run 'chmod 400' on your key file to restrict access as required by [OpenSSH security standards](https://www.openssh.com)."
406 Not Acceptable: Content-Type mismatch,"Ensure your request header 'Accept' matches the response format provided by the [API documentation](https://developer.mozilla.org)."
Sandbox environment mismatch,"Verify you are using [Stripe Test Mode keys](https://stripe.com) when hitting the development endpoint instead of live keys."
Database deadlocked: transaction rolled back,"Implement a retry loop with jitter in your application logic to handle [SQL Server deadlock](https://learn.microsoft.com) exceptions."
Circular reference in spreadsheet formula,"Locate the cell referencing itself and break the link using [Excel's Error Checking](https://support.microsoft.com) tool."
Missing DLL: VCRUNTIME140.dll,"Download and install the [Microsoft Visual C++ Redistributable](https://learn.microsoft.com) package."
Package signature verification failed,"Clear your [npm cache](https://docs.npmjs.com) or verify the integrity of the downloaded library."
Request entity too large (413),"Increase the 'client_max_body_size' in your [Nginx configuration](https://www.nginx.com) to allow larger CSV uploads."
Invalid JWT: Signature verification failed,"Verify that the 'Secret' or 'Public Key' used to sign the token matches the one in your [Identity Provider](https://jwt.io)."
Command not found: {command},"Verify the tool is installed and added to your [System PATH](https://opensource.com)."
Permission denied (os error 13),"Prepend 'sudo' to the command or use [chmod](https://linux.die.net) to grant execute permissions to the current user."
Target bucket does not exist (404),"Check the bucket name for typos and ensure it is created in the correct [AWS Region](https://aws.amazon.com)."
Integration user lacks 'Modify All Data',"Grant the necessary administrative permissions in the [Salesforce Setup](https://help.salesforce.com) menu for the API user."
Disk quota exceeded,"Delete unnecessary logs or temporary files in the [home directory](https://tldp.org) to free up allocated space."
Unexpected EOF while parsing,"Check for missing closing brackets, parentheses, or quotes in your [Python script](https://docs.python.org)."
API Key Revoked,"Generate a new credential in your [Developer Dashboard](https://developers.google.com) and update your environment variables."
Port already in use: 8080,"Identify the process holding the port using [lsof -i :8080](https://linux.die.net) and terminate it."
Module not found: '{name}',"Run 'pip install' or 'npm install' to fetch the missing dependency from the [package registry](https://www.npmjs.com)."
Maximum execution time of 30 seconds exceeded,"Increase the 'max_execution_time' setting in your [php.ini](https://www.php.net) configuration."
Partition column not found in data path,"Ensure your CSV is placed in a directory structure that matches your [AWS Glue](https://docs.aws.amazon.com) or Spark partition keys."
Transaction declined: Insufficient funds,"Prompt the user to use a different payment method via the [Stripe Dashboard](https://stripe.com) or contact their bank."
HDFS block under-replication,"Check the health of your DataNodes and adjust the replication factor in the [Hadoop HDFS config](https://hadoop.apache.org)."
3D Secure authentication failed,"Redirect the customer to complete the [multi-factor authentication](https://www.checkout.com) flow required by their card issuer."
Too many columns for Parquet conversion,"Flatten your data structure or remove unused fields before writing to [Apache Parquet](https://parquet.apache.org) format."
Gateway Rejected: Fraud filter,"Review the transaction risk score and white-list the IP or email in your [PayPal/Braintree](https://developer.paypal.com) settings."
Kinesis stream throughput exceeded,"Increase the number of shards in your [Amazon Kinesis](https://aws.amazon.com) stream or implement producer-side aggregation."
Invalid Currency Code: {code},"Convert currency strings to [ISO 4217](https://www.iso.org) standard three-letter codes (e.g., USD, EUR)."
Table 'xyz' is being recovered,"Wait for the database engine to finish its [crash recovery](https://dev.mysql.com) process before attempting new writes."
Metadata fetch failed: Timeout,"Check connectivity to your [Kafka Broker](https://kafka.apache.org) and verify that the bootstrap servers are reachable."
CUDA out of memory: tried to allocate {x} MiB,"Reduce the batch size in your [PyTorch](https://pytorch.org) training loop or use gradient accumulation."
Serial port not found / Permission denied,"Verify the [Arduino](https://www.arduino.cc) or IoT device is plugged in and your user is in the 'dialout' group."
Model version mismatch: expected {v1} found {v2},"Re-export your model or update the [TensorFlow Serving](https://www.tensorflow.org) container to match the saved model format."
Low signal-to-noise ratio (SNR) detected,"Check the physical antenna alignment or reduce interference for your [LoRaWAN](https://www.thethingsnetwork.org) or cellular IoT node."
Input contains NaN infinity or a value too large,"Apply a [Scikit-learn SimpleImputer](https://scikit-learn.org) or drop rows with missing values before fitting the model."
Firmware checksum mismatch,"Re-download the binary and verify the integrity before flashing the [ESP32](https://docs.espressif.com) or microcontroller."
Label mismatch: classes found in data do not match model,"Audit your CSV labels to ensure they exactly match the [LabelEncoder](https://scikit-learn.org) classes used during training."
I2C device not responding at address 0x{xx},"Use an [I2C Scanner script](https://playground.arduino.cc) to verify the hardware address and check pull-up resistors."
Weights file corrupted or truncated,"Re-download the pre-trained weights from the [Hugging Face Hub](https://huggingface.co) and verify the file size."
Sensor timeout: no data received,"Check the wiring for loose connections and ensure the [sensor library](https://learn.adafruit.com) matches the hardware version."
Docker: No space left on device,"Run 'docker system prune -a' to remove unused images and containers or expand the [Docker Desktop](https://docs.docker.com) disk limit."
Hydration failed: Text content did not match,"Ensure your [Next.js](https://nextjs.org) component renders the same content on the server and client to avoid DOM mismatches."
Exec format error (OS Error 8),"Verify the image architecture matches your hardware (e.g., use --platform linux/amd64 for [M1/M2 Mac](https://docs.docker.com) compatibility)."
ReferenceError: window is not defined,"Wrap client-side code in a 'useEffect' hook or check for 'typeof window' to avoid running browser-only code in [Node.js](https://nodejs.org)."
Docker: Error response from daemon: conflict,"Remove the existing container with 'docker rm -f {name}' before trying to reuse the same [container name](https://docs.docker.com)."
Z-index stacking context issue,"Review the parent element's position and opacity; use [MDN's Stacking Context guide](https://developer.mozilla.org) to fix layering."
Manifest file not found: 404,"Verify the build output path and ensure your [Web App Manifest](https://developer.mozilla.org) is correctly linked in the HTML head."
Entrypoint file not executable,"Run 'chmod +x entrypoint.sh' before building the [Docker image](https://docs.docker.com) to ensure the startup script can run."
Uncaught TypeError: Cannot read property of undefined,"Use [Optional Chaining](https://developer.mozilla.org) (?.) to safely access nested object properties in your JavaScript/React code."
Image size exceeds 1MB: LCP impact,"Compress images using [Squoosh](https://squoosh.app) or implement lazy loading to improve [Core Web Vitals](https://web.dev)."
0x80070005: Access is Denied,"Run the application as Administrator or take ownership of the folder via [Windows File Explorer](https://support.microsoft.com)."
OpenAPI: Required property 'x' is missing,"Update your JSON/YAML definition to include all mandatory fields specified in your [Swagger/OpenAPI schema](https://swagger.io)."
The service did not respond in a timely fashion,"Check the [Windows Event Viewer](https://learn.microsoft.com) for service-specific timeouts and increase the ServicesPipeTimeout registry value."
Swagger: Discriminator value does not match any schema,"Verify that the 'type' field in your payload matches the names defined in your [polymorphic API mapping](https://swagger.io)."
0x8004210B: Operation timed out (SMTP),"Disable your antivirus email scanning temporarily or check your [Outlook account settings](https://support.microsoft.com) for port 587 (TLS)."
0x0000007B: INACCESSIBLE_BOOT_DEVICE,"Verify your SATA mode (AHCI vs IDE) in the [BIOS/UEFI settings](https://learn.microsoft.com) after a hardware change."
Broken link in API documentation,"Run a link checker like [Broken Link Checker](https://www.npmjs.com) to identify and fix 404s in your Redoc or Docusaurus site."
The instruction at 0x{addr} referenced memory at 0x{addr},"Run the [System File Checker (sfc /scannow)](https://support.microsoft.com) to repair corrupted Windows system files."
415 Unsupported Media Type,"Set the 'Content-Type' header to 'application/json' or 'text/csv' as expected by the [REST API endpoint](https://developer.mozilla.org)."
DLL register server failed: 0x8002801c,"Open the command prompt as an administrator and use [Regsvr32](https://learn.microsoft.com) to manually register the component."
CrashLoopBackOff,"Inspect container logs using [kubectl logs --previous](https://kubernetes.io) to identify application crashes or missing dependencies."
ImagePullBackOff,"Verify the image name/tag and ensure [imagePullSecrets](https://kubernetes.io) are correctly configured for private registries."
OOMKilled (Exit Code 137),"Increase the memory limits in your [Pod manifest](https://kubernetes.io) or optimize the application's memory footprint."
CreateContainerConfigError,"Check for missing or misnamed [ConfigMaps or Secrets](https://kubernetes.io) referenced in your environment variables or volume mounts."
NodeNotReady,"Check node resource pressure (Disk/Memory) and verify the [kubelet service](https://kubernetes.io) status on the affected worker node."
FailedScheduling: Insufficient cpu/memory,"Scale your cluster nodes or reduce the [resource requests](https://kubernetes.io) of the pod to fit available capacity."
0/1 nodes available: node(s) had taint {key: value},"Add a matching [toleration](https://kubernetes.io) to the Pod spec or remove the taint from the node."
Service 'xyz' not found (DNS resolution fail),"Restart [CoreDNS pods](https://kubernetes.io) and verify the service name matches the internal cluster FQDN."
PersistentVolumeClaim is Pending,"Ensure a [StorageClass](https://kubernetes.io) is defined or manually provision a PersistentVolume that matches the claim's requirements."
ErrImageNeverPull,"Change the [imagePullPolicy](https://kubernetes.io) to 'Always' or 'IfNotPresent' if the image is not already cached on the node."
Admission webhook denied the request,"Review your [Validating Admission Webhook](https://kubernetes.io) logs to identify policy violations (e.g., missing labels)."
The connection to the server localhost:8080 was refused,"Verify that your [kubeconfig](https://kubernetes.io) context is correct and that the API server is reachable."
User: {arn} is not authorized to perform: sts:AssumeRole,"Update the [IAM Trust Policy](https://docs.aws.amazon.com) to allow the specific entity to assume the target role."
dmesg: [sda] Write Protect is on,"Check the physical write-protect switch on your drive or clear the 'read-only' attribute using [hdparm](https://linux.die.net)."
Kernel panic - not syncing: VFS: Unable to mount root fs,"Verify your [GRUB/bootloader configuration](https://www.gnu.org) and ensure the initramfs file exists for the current kernel version."
403 Forbidden: Cross-Origin Resource Sharing (CORS),"Configure the [CORS policy](https://developer.mozilla.org) on your server to allow the 'Origin' header from your frontend domain."
Inbound rule violation: Security Group blocks port {x},"Add an ingress rule to your [VPC Security Group](https://docs.aws.amazon.com) to allow traffic from the source IP range."
Too many open files (ulimit -n),"Increase the maximum number of open file descriptors in [/etc/security/limits.conf](https://linux.die.net) for the service user."
RBAC: user {u} cannot list resource {r} in namespace {n},"Create a [RoleBinding or ClusterRoleBinding](https://kubernetes.io) to grant the required 'list' verb for that resource."
Segmentation fault (core dumped),"Use [gdb (GNU Debugger)](https://www.sourceware.org) to inspect the stack trace and identify invalid memory access in your C/C++ code."
X.509: Certificate signed by unknown authority,"Install the root CA certificate into your system's [trust store](https://manuals.gfi.com) or update the 'cacert' file."
EKS: Service account not found for pod,"Ensure the [ServiceAccount](https://docs.aws.amazon.com) exists in the namespace and is correctly mapped to an IAM role."
Data loss: partial write to destination,"Verify the [Snowflake COPY INTO](https://docs.snowflake.com) command options and check the 'ON_ERROR' parameter settings."
Deadlock found when trying to get lock; try restarting transaction,"Implement a backoff and retry mechanism in your [MySQL](https://dev.mysql.com) or MariaDB application logic."
Spark: java.lang.OutOfMemoryError: GC overhead limit exceeded,"Increase the 'spark.executor.memory' or optimize your [Apache Spark](https://spark.apache.org) transformations to reduce object creation."
Airflow: Task exited with return code Negsignal.SIGKILL,"Check for memory spikes in your [Airflow Task](https://airflow.apache.org) and increase the container resources or worker memory."
Column '{name}' has incompatible types (Int64 vs String),"Use a [Schema Enforcement](https://delta.io) tool or cast the column types explicitly during the ETL merge process."
BigQuery: Quota exceeded for query bytes scanned,"Optimize your SQL by selecting only necessary columns and using [Partitioned Tables](https://cloud.google.com) to reduce scan costs."
Kafka: OffsetOutOfRangeException,"Reset the consumer offset to the 'earliest' or 'latest' available position in the [Kafka Topic](https://kafka.apache.org)."
Failed to write to Parquet: schema mismatch in row group,"Ensure all files in the directory share the same schema before using [PyArrow](https://arrow.apache.org) to read them as a single dataset."
Redshift: Assert failure in query execution,"Check for complex joins on large tables without proper [Distribution Keys](https://docs.aws.amazon.com) and simplify the query."
Glue: Failed to infer schema from empty path,"Verify that the [S3 Source Path](https://docs.aws.amazon.com) contains files and that the Glue Crawler has the correct permissions."
Webhook delivery failed: 5xx Server Error,"Check your endpoint logs for crashes; ensure your [Webhook Listener](https://stripe.com) returns a 2xx status code immediately."
Jupyter: Kernel Starting or Restarting,"Verify the selected [Conda environment](https://docs.conda.io) is still valid and that the 'ipykernel' package is installed."
HMAC signature mismatch in header,"Verify the shared secret key and ensure you are hashing the [raw request body](https://developer.github.com) rather than the parsed JSON."
ModuleNotFoundError: No module named 'scipy',"Install the missing library in your notebook cell using [%pip install scipy](https://ipython.readthedocs.io)."
Webhook timeout: exceeded 10 seconds,"Offload heavy processing to a [background worker/queue](https://redis.io) and respond to the webhook trigger instantly."
ValueError: Expected 2D array got 1D array instead,"Reshape your feature vector using [.reshape(-1, 1)](https://scikit-learn.org) before passing it to a Scikit-learn model."
410 Gone: Webhook subscription deleted,"Re-register the webhook URL via the [API Dashboard](https://developers.facebook.com) as the subscription has been explicitly removed."
InsecureRequestWarning: Unverified HTTPS request,"Add a valid SSL certificate to your endpoint or use the [Certifi library](https://pypi.org) to handle CA bundles in Python."
Notebook size exceeds 100MB limit,"Clear all cell outputs or remove large [Plotly/Matplotlib](https://matplotlib.org) figures before saving and pushing to GitHub."
Duplicate webhook event received,"Implement [idempotency logic](https://stripe.com) to check the unique event ID before processing the data to avoid duplicate records."
Execution failed for task ':app:processDebugResources',"Check your [Android Studio](https://developer.android.com) XML files for syntax errors or duplicate resource IDs."
Missing 'NSPhotoLibraryUsageDescription' key in Info.plist,"Add the required privacy description in [Xcode](https://developer.apple.com) to prevent crashes on iOS 10+."
Nmap: Failed to resolve hostname/IP,"Verify your network connection or check the target's DNS records using [nslookup](https://learn.microsoft.com)."
Metasploit: Exploit completed but no session was created,"Disable the target's antivirus/firewall or verify the [LHOST/LPORT](https://docs.metasploit.com) settings match your listener."
Burp Suite: Proxy not responding on 127.0.0.1:8080,"Check if another process is using the port or update the [Burp Proxy listener settings](https://portswigger.net)."
Keystore file '{path}' not found for signing,"Verify the 'signingConfigs' in your [Gradle build file](https://developer.android.com) point to a valid .jks or .keystore file."
CocoaPods: Cannot synthesize a podspec,"Run 'pod repo update' and 'pod install' to sync your [iOS dependencies](https://guides.cocoapods.org) with the latest specs."
Hydra: Maximum number of connections reached,"Reduce the number of parallel tasks (-t) to avoid getting blocked by the [target server's](https://github.com) rate-limiting policy."
Invalid provisioning profile: certificate expired,"Generate a new distribution certificate in the [Apple Developer Portal](https://developer.apple.com) and refresh your Xcode profiles."
SQLMap: Target URL appears to be not injectable,"Try increasing the '--level' or '--risk' parameters or check for [WAF/IPS interference](https://sqlmap.org)."
modprobe: ERROR: could not insert module: Operation not permitted,"Check if [Secure Boot](https://wiki.ubuntu.com) is enabled in BIOS; unsigned third-party drivers are blocked by default."
Eni limit reached: cannot attach more interfaces,"Upgrade your [AWS EC2 Instance Type](https://docs.aws.amazon.com) to one that supports more Elastic Network Interfaces."
insmod: error inserting 'module.ko': -1 Invalid module format,"Ensure the driver was compiled against your current [Linux Kernel Version](https://www.kernel.org) using 'uname -r'."
Ingress: Controller not found for class {name},"Verify that your [Kubernetes IngressClass](https://kubernetes.io) matches the one defined in your NGINX or Traefik controller."
Stuck at 'Waiting for module to be loaded',"Check 'dmesg' for hardware conflicts or [IRQ mismatches](https://tldp.org) preventing the driver from initializing."
CNI: Failed to assign IP address (No IP addresses available),"Expand the [VPC Secondary CIDR](https://docs.aws.amazon.com) or clean up stale network interfaces in your Kubernetes cluster."
Nvidia-smi: No devices were found,"Reinstall the [NVIDIA Proprietary Driver](https://www.nvidia.com) and ensure the kernel headers are installed for your OS."
503 Service Unavailable: Backends unhealthy,"Check your [Load Balancer Target Group](https://docs.aws.amazon.com) health check path and port configuration."
Write error: No space left on device (on a non-full disk),"Check for [Inode Exhaustion](https://linux.die.net) using 'df -i'; delete numerous small files or session logs to free up space."
RouteTable: Blackhole destination detected,"Update your [VPC Route Table](https://docs.aws.amazon.com) to point to an active Internet Gateway or NAT Gateway."
FATAL: remaining connection slots are reserved for non-replication superuser connections,"Increase 'max_connections' in [postgresql.conf](https://www.postgresql.org) or implement a connection pooler like [PgBouncer](https://www.pgbouncer.org)."
Pipeline failed: No space left on device (CI runner),"Clear the [Docker build cache](https://docs.docker.com) or increase the ephemeral storage of your [GitHub Actions](https://docs.github.com) or GitLab runner."
PostgreSQL: autovacuum not keeping up with bloat,"Tune 'autovacuum_vacuum_scale_factor' and 'autovacuum_cost_limit' to trigger [vacuuming](https://www.postgresql.org) more frequently on high-write tables."
CI/CD: Script failed with exit code 127,"Ensure the binary or tool (e.g., 'npm' or 'aws') is installed in the [CI container image](https://docs.gitlab.com) and added to the PATH."
MySQL: Error 1205 (HY000): Lock wait timeout exceeded,"Optimize long-running queries or increase 'innodb_lock_wait_timeout' in the [MySQL configuration](https://dev.mysql.com)."
GitLab: Job is stuck: No runner is online,"Verify that the [GitLab Runner service](https://docs.gitlab.com) is started and the registration token matches the project settings."
Slow Query: Sequential scan on large table,"Create a [B-tree Index](https://www.postgresql.org) on the columns used in the WHERE clause to avoid full table scans."
Terraform: Error acquiring the state lock,"Force unlock the state using [terraform force-unlock](https://developer.hashicorp.com) if the previous process crashed or was interrupted."
MySQL: Server has gone away (Error 2006),"Increase 'max_allowed_packet' in [my.cnf](https://dev.mysql.com) to handle large BLOBs or long-running imports."
Jenkins: java.lang.OutOfMemoryError: Java heap space,"Increase the [JENKINS_JAVA_OPTIONS](https://www.jenkins.io) to allocate more RAM to the JVM (e.g., -Xmx2g)."
SyntaxError: invalid syntax,"Check the indicated line for missing colons (:), unclosed parentheses, or misspelled Python keywords."
IndentationError: expected an indented block,"Ensure the line following a function, loop, or if-statement has exactly 4 spaces of indentation."
TabError: inconsistent use of tabs and spaces,"Standardize your script by converting all tabs to 4 spaces using your editor settings or [Autopep8](https://pypi.org)."
NameError: name '{name}' is not defined,"Check for typos in the variable name and ensure it is assigned a value before being called in the current scope."
TypeError: can only concatenate str (not 'int') to str,"Wrap the numeric variable in [str()](https://docs.python.org) before joining it with other text strings."
ValueError: invalid literal for int() with base 10,"Verify the string contains only numbers; use the [.isdigit()](https://docs.python.org) method to validate data before conversion."
IndexError: list index out of range,"Check the list length using [len()](https://docs.python.org) and ensure the index is between 0 and length minus one."
KeyError: '{key}',"Use the [.get()](https://docs.python.org) method to retrieve dictionary values, providing a default value if the key is missing."
AttributeError: '{type}' object has no attribute '{attr}',"Verify the object type and check for typos in the method name; use `dir(object)` to see valid attributes."
ModuleNotFoundError: No module named '{module}',"Install the missing package via terminal using [pip install](https://pip.pypa.io) and verify your virtual environment."
FileNotFoundError: [Errno 2] No such file or directory,"Check the file path for typos and use [os.path.abspath()](https://docs.python.org) to confirm the script's looking in the right folder."
ZeroDivisionError: division by zero,"Add a logic check `if divisor != 0:` before performing the math operation to handle null or zero values."
PermissionError: [Errno 13] Permission denied,"Close the file in other programs like Excel or ensure your script has the necessary [OS permissions](https://docs.python.org) to write to the folder."
UnicodeDecodeError: 'utf-8' codec can't decode byte,"Specify the correct encoding (e.g., `encoding='latin1'`) in the [open()](https://docs.python.org) function when reading non-UTF8 files."
RecursionError: maximum recursion depth exceeded,"Check your recursive function for a valid base case to prevent infinite loops, or use [sys.setrecursionlimit](https://docs.python.org)."
MemoryError: Unable to allocate GiB,"Process large datasets in chunks using the `chunksize` parameter in [Pandas](https://pandas.pydata.org)."
UnboundLocalError: local variable referenced before assignment,"Ensure the variable is defined within the local scope or use the `global` keyword if modifying a variable from the outer scope."
StopIteration: iterator exhausted,"Wrap the `next()` call in a try-except block or provide a default value like `next(iterator, None)`."
JSONDecodeError: Expecting value: line 1 column 1,"Verify the API response or file content is valid JSON; check for empty strings or HTML error pages being returned."
OverflowError: integer too large to convert to float,"Use the [Decimal module](https://docs.python.org) for high-precision math or handle extremely large numbers as strings."
IndexError: list index out of range,"Verify the list length using [len()](https://docs.python.org) and ensure the index is between 0 and (length - 1)."
KeyError: 'column_name',"Review the list of mandatory attributes and ensure the column name in your code matches the CSV header exactly (watch for hidden spaces)."
FileNotFoundError: [Errno 2] No such file or directory,"Check the file path for typos and use [os.path.abspath()](https://docs.python.org) to confirm the script is looking in the right folder."
ImportError: cannot import name 'X' from 'Y',"Check for circular imports where two files try to import each other, or verify that 'X' actually exists in the [module's documentation](https://docs.python.org)."
AttributeError: 'NoneType' object has no attribute 'X',"Ensure the function returning your data actually succeeded; add a check `if data is not None:` before accessing attributes."
pandas.errors.ParserError: Error tokenizing data,"Verify the delimiter (e.g., , vs ;) and ensure no rows have extra commas. Use `on_bad_lines='warn'` in [pandas.read_csv](https://pandas.pydata.org)."
StopIteration: Raised by next() when iterator is exhausted,"Wrap your iterator logic in a try-except block or provide a default value: `next(my_iterator, None)`."
OverflowError: Python int too large to convert to C int,"Use the [decimal module](https://docs.python.org) or ensure you are not passing excessively large integers to a library expecting a standard integer."
Incomplete final line warning,"Ensure the last line of your CSV file ends with a linefeed (\n) or carriage return (\r\n) character to prevent [pandas](https://pandas.pydata.org) from skipping the final row."
Disallowed characters in column {column},"Find and strip non-printing or POSIX non-compliant characters from your data using the [re module](https://docs.python.org) to apply a regex filter."
ModuleNotFoundError: No module named 'numpy',"Install the missing dependency via your terminal using [pip install numpy](https://pypi.org) and restart your IDE."
SyntaxError: EOL while scanning string literal,"Check for unclosed quotes in your CSV processing script or ensure string values don't contain unescaped line breaks."
NotADirectoryError: [Errno 20] Not a directory,"Verify that the path provided points to a folder and not a specific file when using functions like [os.listdir()](https://docs.python.org#os.listdir)."
IsADirectoryError: [Errno 21] Is a directory,"Check that the path provided to [open()](https://docs.python.org) points to a file and not a folder."
BrokenPipeError: [Errno 32] Broken pipe,"Ensure the downstream process or network socket is still open before attempting to write more data to it."
ConnectionRefusedError: [Errno 111] Connection refused,"Check if the target server is running and that you are using the correct port and [IP address](https://docs.python.org)."
TimeoutError: [Errno 110] Connection timed out,"Increase the timeout value in your request or check your network connectivity/firewall settings."
IndentationError: unindent does not match any outer indentation level,"Check the spacing of your return or control flow statements; they must align exactly with the opening statement of the block."
FloatingPointError: floating point exception,"Enable error checking in [numpy](https://numpy.org) using `np.seterr(all='raise')` to identify where invalid math is happening."
GeneratorExit: generator ignored GeneratorExit,"Ensure you are not performing long-running operations or nested yields inside a generator's `finally` block when it is being closed."
SystemError: parent module '' not loaded cannot perform relative import,"Use absolute imports or ensure you are running your script as a module using the `-m` flag (e.g., `python -m my_package.my_script`)."
RuntimeError: generator raised StopIteration,"Check your [generator function](https://docs.python.org) for a return statement that is unintentionally triggering an early exit."
NotImplementedError: method not defined,"Define the required method in your subclass or ensure you are not calling an [abstract base class](https://docs.python.org) directly."
LookupError: unknown encoding: '{encoding}',"Verify the encoding string passed to [codecs.open()](https://docs.python.org) matches standard IANA names (e.g., 'utf-8', 'cp1252')."
BufferError: Object has exported buffers,"Release any existing [memoryview](https://docs.python.org) or buffer objects before attempting to resize or close the underlying data structure."
EOFError: EOF when reading a line,"Ensure the input stream is not empty or provide a default value when using [input()](https://docs.python.org) in non-interactive scripts."
BlockingIOError: [Errno 11] Resource temporarily unavailable,"Implement a retry mechanism or use [select.select()](https://docs.python.org) to wait until the non-blocking socket is ready for data."
ChildProcessError: [Errno 10] No child processes,"Verify the process ID (PID) exists before calling [os.wait()](https://docs.python.org) or check if the process has already been reaped."
ConnectionAbortedError: [Errno 103] Connection aborted by software,"Check for server-side timeouts or firewall rules that might be killing idle connections in your [socket](https://docs.python.org) logic."
FileExistsError: [Errno 17] File exists,"Use `os.makedirs(path, exist_ok=True)` or check if the destination file exists before attempting to [create a new one](https://docs.python.org)."
InterruptedError: [Errno 4] Interrupted system call,"Wrap system calls in a loop to restart them if a [signal handler](https://docs.python.org) interrupts the execution."
IsADirectoryError: [Errno 21] Is a directory,"Ensure the path passed to [open()](https://docs.python.org) points to a specific filename and not a folder path."
ProcessLookupError: [Errno 3] No such process,"Verify the PID is correct and that the process hasn't already terminated before sending a signal via [os.kill()](https://docs.python.org)."
ReferenceError: weak object read after garbage collection,"Check if the object being tracked by a [weakref](https://docs.python.org) is still in scope before attempting to access it."
SyntaxError: 'return' outside function,"Ensure all `return` statements are nested inside a `def` block; use `sys.exit()` if trying to end a script at the top level."
SyntaxError: 'yield' outside function,"Move the `yield` statement inside a function definition to correctly create a [generator](https://docs.python.org)."
SyntaxError: unexpected EOF while parsing,"Check for missing closing parentheses `)` or brackets `]` at the very end of your script file."
TypeError: '{type}' object is not callable,"Check for variable/function name collisions (e.g., naming a variable `list` and then trying to call `list()`)."
TypeError: missing X required positional arguments,"Verify the function signature and ensure you are passing all mandatory arguments during the [function call](https://docs.python.org)."
ValueError: too many values to unpack (expected X),"Ensure the number of variables on the left side of the assignment matches the length of the [iterable](https://docs.python.org)."
ModuleNotFoundError: No module named 'setuptools',"Install or upgrade the [setuptools](https://pypi.org) package to resolve build-time dependency issues."
ImportError: libX.so: cannot open shared object file,"Install the required system-level libraries (e.g., `apt-get install libx11-6`) that the Python module depends on."
KeyboardInterrupt: user interrupted execution,"Implement a `try...except KeyboardInterrupt:` block to [gracefully shut down](https://docs.python.org) resources when Ctrl+C is pressed."
SystemExit: 1,"Identify which part of the code is calling `sys.exit()` and review the exit code to determine the [nature of the failure](https://docs.python.org)."
TabError: inconsistent use of tabs and spaces in indentation,"Configure your editor to [show invisible characters](https://code.visualstudio.com) to find and replace stray tabs with spaces."
AssertionError: condition is false,"Debug the logic preceding the [assert statement](https://docs.python.org) to understand why the expected state was not met."
ArithmeticError: floating point error,"Use the [math.isfinite()](https://docs.python.org) function to check for NaN or Infinity values before performing complex math."
SyntaxError: illegal target for annotation,"Ensure you are not trying to annotate complex expressions; only simple [variable names](https://docs.python.org) can be annotated."
UnicodeEncodeError: 'ascii' codec can't encode characters,"Set the `PYTHONIOENCODING` environment variable to `utf-8` or use `.encode('utf-8')` before writing to a [restricted stream](https://docs.python.org)."
RuntimeError: dict changed size during iteration,"Create a list of keys using `list(my_dict.keys())` before looping if you need to [modify the dictionary](https://docs.python.org) while iterating."
AttributeError: module 'x' has no attribute 'y',"Check for [shadowing](https://docs.python.org) (e.g., you named your local file `pandas.py`, which is being imported instead of the real library)."
RuntimeError: Set changed size during iteration,"Create a [list()](https://docs.python.org) of the set before looping to avoid errors while adding or removing items."
PendingDeprecationError: {feature} will be removed,"Review the [Python Deprecation Cycle](https://docs.python.org) and update your code to use the newer alternative specified."
BufferError: object has exported buffers,"Release any existing [memoryview](https://docs.python.org) or buffer objects before attempting to modify the underlying data."
ImportError: cannot import name 'X' from partially initialized module 'Y',"Check for [Circular Imports](https://docs.python.org) where two files try to import from each other simultaneously."
ResourceWarning: unclosed file {file},"Use a [context manager](https://docs.python.org) (with open...) to ensure files are automatically closed after use."
FutureWarning: {method} is deprecated and will be removed in a future version,"Update your code to the recommended [Pandas](https://pandas.pydata.org) or Numpy function to maintain compatibility."
SyntaxError: f-string: missing '}',"Check your [f-string](https://docs.python.org) expressions for unclosed curly braces or syntax errors inside the expression."
TypeError: 'async for' requires an object with __aiter__ method,"Ensure the object you are iterating over is an [Asynchronous Iterator](https://docs.python.org)."
RuntimeError: cannot enter context manager more than once,"Review your [with statement](https://docs.python.org) logic; some objects cannot be reused as context managers."
StopAsyncIteration: Raised by __anext__ when iterator is exhausted,"Wrap your async loop logic in a try-except block or ensure the [async generator](https://docs.python.org) has data."
NotADirectoryError: [Errno 20] Not a directory: '{path}',"Verify that the path points to a folder and not a file when using functions like [os.listdir()](https://docs.python.org)."
IsADirectoryError: [Errno 21] Is a directory: '{path}',"Check that the path provided to [open()](https://docs.python.org) points to a file and not a directory."
ConnectionResetError: [Errno 104] Connection reset by peer,"Verify the server state and check for network timeouts using the [socket library](https://docs.python.org)."
FileExistsError: [Errno 17] File exists: '{path}',"Use `os.makedirs(path, exist_ok=True)` or delete the existing file before attempting to [re-create](https://docs.python.org) it."
ProcessLookupError: [Errno 3] No such process,"Verify the Process ID (PID) is still active before sending signals using [os.kill()](https://docs.python.org)."
ChildProcessError: [Errno 10] No child processes,"Ensure the process hasn't already been reaped by [os.wait()](https://docs.python.org) or check your subprocess logic."
BrokenPipeError: [Errno 32] Broken pipe,"Handle cases where the receiving process closes the stream before the sender is finished; use [signal.SIG_IGN](https://docs.python.org)."
InterruptedError: [Errno 4] Interrupted system call,"Restart the system call manually if a [signal handler](https://docs.python.org) interrupts it during execution."
AttributeError: module 'asyncio' has no attribute 'run',"Ensure you are using **Python 3.7+**; for older versions, use `get_event_loop().run_until_complete()` as per [Asyncio docs](https://docs.python.org)."
RuntimeError: Event loop is closed,"Avoid calling async functions after the loop has shut down; use [asyncio.run()](https://docs.python.org) for proper cleanup."
ValueError: signal only works in main thread,"Move signal-handling logic to the [Main Thread](https://docs.python.org) as background threads cannot trap OS signals."
TypeError: Object of type {type} is not JSON serializable,"Convert complex objects like Datetime or Sets into strings or lists before using [json.dumps()](https://docs.python.org)."
ImportError: cannot import name 'soft_unicode' from 'markupsafe',"Upgrade your [Jinja2](https://pypi.org) or MarkupSafe package to fix compatibility with newer Python versions."
SyntaxError: non-default argument follows default argument,"Rearrange your [function signature](https://docs.python.org) so all mandatory arguments come before optional ones."
RuntimeError: This event loop is already running,"Check for nested event loops; use [nest_asyncio](https://pypi.org) if you are running async code inside a Jupyter Notebook."
GeneratorExit: generator ignored GeneratorExit,"Ensure you are not catching the [GeneratorExit](https://docs.python.org) exception and continuing to yield values."
SystemError: error return without exception set,"Check for issues in **C-extensions** or compiled modules; ensure they are returning proper error states to the [Python Interpreter](https://docs.python.org)."
ModuleNotFoundError: No module named 'pip',"Reinstall or repair your [Python environment](https://pip.pypa.io) using `python -m ensurepip`."
TypeError: iteration over non-sequence of type {type},"Verify that the variable in your `for` loop is actually an [Iterable](https://docs.python.org) like a list or dictionary."
AssertionError: list indices must be integers or slices not str,"Check if you are trying to access a **List** using a string key; verify if the variable should have been a **Dictionary**."
RuntimeError: Address already in use,"Check if another instance of your [Flask](https://flask.palletsprojects.com) or [FastAPI](https://fastapi.tiangolo.com) app is already running on the same port; kill the process or change the port."
AttributeError: 'module' object has no attribute 'X',"Check for [Circular Imports](https://docs.python.org) where two files try to import each other, or ensure your local filename doesn't shadow a library name."
TypeError: 'async for' requires an object with __aiter__ method,"Verify that the object you are iterating over is an [Asynchronous Iterator](https://docs.python.org) and not a standard list."
RuntimeError: Generator raised StopIteration,"Ensure your [generator function](https://docs.python.org) does not contain a `return` statement that unintentionally triggers an exit in a `next()` call."
ImportError: cannot import name 'soft_unicode' from 'markupsafe',"Upgrade your [Jinja2](https://pypi.org) or [MarkupSafe](https://pypi.org) package to resolve compatibility issues with newer Python versions."
SyntaxError: non-default argument follows default argument,"Rearrange your [function signature](https://docs.python.org) so all mandatory arguments (without `=` values) come before the optional ones."
ValueError: signal only works in main thread,"Move any [signal handling](https://docs.python.org) logic to the application's Main Thread, as background threads cannot trap OS signals."
RuntimeError: This event loop is already running,"Check for nested event loops; if using Jupyter, install and use [nest_asyncio](https://pypi.org) to allow nested calls."
TypeError: Object of type {type} is not JSON serializable,"Convert custom objects, [Datetime](https://docs.python.org) objects, or Sets into strings or lists before passing them to [json.dumps()](https://docs.python.org)."
BlockingIOError: [Errno 11] Resource temporarily unavailable,"Implement a retry loop or use [select.select()](https://docs.python.org) to wait until the non-blocking socket is ready for data transfer."
ConnectionAbortedError: [Errno 103] Software caused connection abort,"Check for server-side timeouts or firewall rules killing idle connections in your [socket](https://docs.python.org) or database logic."
IsADirectoryError: [Errno 21] Is a directory: '{path}',"Ensure the path passed to [open()](https://docs.python.org) points to a specific file and not just a folder path."
ProcessLookupError: [Errno 3] No such process,"Verify the Process ID (PID) is still active before sending signals like [SIGTERM](https://docs.python.org#module-signal) via [os.kill()](https://docs.python.org)."
StopAsyncIteration: Raised by __anext__ when iterator is exhausted,"Wrap your async loop in a try-except block or ensure the [async generator](https://docs.python.org) has sufficient data."
NotADirectoryError: [Errno 20] Not a directory: '{path}',"Verify that the path points to an actual folder when using directory-traversal functions like [os.listdir()](https://docs.python.org)."
ChildProcessError: [Errno 10] No child processes,"Ensure the child process hasn't already been reaped or terminated before calling [os.wait()](https://docs.python.org)."
BrokenPipeError: [Errno 32] Broken pipe,"Handle cases where the receiving process closes the stream; check [subprocess.PIPE](https://docs.python.org) communication logic."
ResourceWarning: unclosed file <_io.TextIOWrapper>,"Use a [with statement](https://docs.python.org) to ensure file descriptors are automatically released after the block finishes."
FutureWarning: {method} is deprecated,"Update your [Pandas](https://pandas.pydata.org) or [NumPy](https://numpy.org) code to the suggested modern method to maintain future compatibility."
ImportError: libX11.so.6: cannot open shared object file,"Install missing system dependencies via [apt-get install](https://manpages.ubuntu.com) or verify your Docker container includes required GUI libraries."
RuntimeError: dictionary changed size during iteration,"Iterate over a copy of the dictionary keys using `list(my_dict.keys())` if you need to [delete or add](https://docs.python.org) items while looping."
SyntaxError: 'yield' outside function,"Verify that the `yield` keyword is placed within a `def` block to create a [Generator](https://docs.python.org)."
SystemError: parent module '' not loaded,"Run the script using the `-m` flag (e.g., `python -m my_package.script`) to correctly handle [Relative Imports](https://docs.python.org)."
AssertionError: list indices must be integers or slices not str,"Check if you are accidentally treating a **List** like a **Dictionary**; verify the data structure using `type(my_var)`."
MemoryError: Unable to allocate GiB,"Process heavy files line-by-line or use the `chunksize` parameter in [Pandas read_csv](https://pandas.pydata.orgreference/api/pandas.read_csv.html) to lower RAM usage."
TypeError: 'NoneType' object is not iterable,"Check if the preceding function returned `None` due to a failure; add a [Null Check](https://docs.python.org) before starting the loop."
KeyboardInterrupt,"Catch this exception with a `try...except` block to [safely close](https://docs.python.org) database connections or log files when a user hits Ctrl+C."
OverflowError: integer too large to convert to float,"Use the [decimal.Decimal](https://docs.python.org) class for high-precision math when dealing with numbers that exceed standard float limits."
SyntaxError: f-string: empty expression not allowed,"Ensure your [f-string](https://docs.python.org) curly braces `{}` contain a valid variable or expression."
"SyntaxError: invalid syntax","Check for missing colons, mismatched parentheses, or typos in keywords."
"IndentationError: expected an indented block","Ensure all code within loops, functions, and classes is consistently indented with 4 spaces."
"NameError: name 'x' is not defined","Verify that the variable is spelled correctly and was assigned a value before use."
"TypeError: can only concatenate str (not 'int') to str","Convert the non-string type to a string using str() or use f-strings for formatting."
"IndexError: list index out of range","Check if the index being accessed is within the valid range of the list (0 to length-1)."
"KeyError: 'key'","Ensure the key exists in the dictionary or use the .get() method to provide a default value."
"FileNotFoundError: [Errno 2] No such file or directory","Verify the file path is correct and that the file exists in the specified directory."
"ImportError: No module named 'x'","Ensure the library is installed using 'pip install x' and that the name is spelled correctly."
"ValueError: invalid literal for int() with base 10","Ensure the string being converted to an integer contains only numeric characters."
"AttributeError: 'NoneType' object has no attribute 'x'","Check if a function or method unexpectedly returned None instead of an object."
"ZeroDivisionError: division by zero","Add a conditional check to ensure the denominator is not zero before performing division."
"SyntaxError: invalid syntax","Check for missing colons (:), unclosed brackets ((), [], {}), or typos in keywords."
"IndentationError: expected an indented block","Ensure consistent use of 4 spaces for blocks after if, for, while, or def statements."
"NameError: name 'x' is not defined","Verify the variable name is spelled correctly and was assigned a value before being used."
"TypeError: can only concatenate str (not 'int') to str","Convert the integer to a string using str() or use f-strings for formatting."
"IndexError: list index out of range","Check that the index is within the valid range (0 to length-1) of the list or tuple."
"KeyError: 'key'","Confirm the key exists in the dictionary or use the .get() method to provide a default value."
"FileNotFoundError: [Errno 2] No such file or directory","Verify the file path is correct and the file exists in the specified directory."
"ImportError: No module named 'x'","Install the missing library using 'pip install x' and verify the module name's spelling."
"AttributeError: 'NoneType' object has no attribute 'x'","Check if a function or method returned None unexpectedly instead of an object."
"ZeroDivisionError: division by zero","Add a conditional check to ensure the divisor is not zero before performing division."
"SyntaxError: invalid syntax","Check for missing colons (:), unclosed brackets, or typos in keywords."
"NameError: name 'x' is not defined","Verify the variable name is spelled correctly and was assigned a value before use."
"IndexError: list index out of range","Verify that the index is within the valid range (0 to length-1) of the list or tuple."
"KeyError: 'key'","Ensure the key exists in the dictionary or use the .get() method for a default value."
"ValueError: invalid literal for int() with base 10","Check that the string being converted to an integer contains only numeric characters."
"ImportError: No module named 'x'","Install the missing library using 'pip install x' and check the module name's spelling."
"AttributeError: 'NoneType' object has no attribute 'x'","Check if a function unexpectedly returned None instead of the expected object."
"IndexError: list index out of range","Check if the index being accessed is within the valid range of the sequence (0 to length-1)."
"ImportError: No module named 'x'","Install the library using 'pip install x' and verify the module name's spelling."
SyntaxError: invalid syntax,Check for typos missing colons or incorrect indentation
IndentationError: unexpected indent,Ensure consistent use of spaces/tabs for indentation
NameError: name 'x' is not defined,Declare the variable before using it or check spelling
TypeError: unsupported operand type(s),Verify data types and use appropriate conversions
ValueError: invalid literal for int(),Check input values and ensure they match expected format
IndexError: list index out of range,Confirm list length before accessing an index
KeyError: 'key',Ensure the dictionary key exists or use dict.get() with a default
AttributeError: 'object' has no attribute,Check object type and attribute spelling
ImportError: No module named 'xyz',Install the missing module or check import path
ModuleNotFoundError: No module named 'xyz',Install the module via pip or verify environment
FileNotFoundError: [Errno 2] No such file,Confirm file path and existence before opening
ZeroDivisionError: division by zero,Add checks to prevent division by zero
"SyntaxError: invalid syntax","Check for missing colons, unclosed brackets or keyword typos."
"IndentationError: expected an indented block","Ensure consistent 4-space indentation after if/for/def statements."
"NameError: name 'x' is not defined","Verify variable spelling and ensure it was assigned before use."
"TypeError: can only concatenate str (not 'int') to str","Wrap the variable in str() or use an f-string to format."
"IndexError: list index out of range","Check if the index is within the valid range (0 to length-1)."
"KeyError: 'key'","Confirm the key exists or use .get() to provide a default value."
"ValueError: invalid literal for int()","Ensure the string being converted contains only numeric digits."
"FileNotFoundError: [Errno 2]","Verify the file path and ensure the file exists in that directory."
"ImportError: No module named 'x'","Install the package via pip and check for typos in the import statement."
"AttributeError: 'NoneType' object has no attribute 'x'","Ensure the preceding function didn't return None unexpectedly."
"ZeroDivisionError: division by zero","Add a check to ensure the divisor is not zero before calculating."
"KeyError: 'key'","Confirm the key exists in the dictionary or use the .get() method for a default value."
"ValueError: invalid literal for int()","Ensure the string being converted to an integer contains only numeric characters."
"FileNotFoundError: [Errno 2]","Verify the file path is correct and the file exists in the specified directory."
"UnboundLocalError: local variable referenced before assignment","Ensure the local variable is assigned a value before it is accessed within a function."
"ModuleNotFoundError: No module named 'x'","Ensure the package is installed in your current environment and the name is correct."
"PermissionError: [Errno 13] Permission denied","Check if the file is open in another program or if you have the necessary system permissions."
"RecursionError: maximum recursion depth exceeded","Check for an infinite recursive call or increase the limit using sys.setrecursionlimit()."
"OverflowError: numerical result out of range","Handle extremely large numbers that exceed the capacity of the current numeric type."
"AssertionError","Check the logic of your assert statements to ensure conditions are being met."
"MemoryError","Optimize memory usage by using generators or deleting large objects no longer in use."
"UnicodeDecodeError: 'utf-8' codec can't decode byte","Specify the correct encoding (e.g.'latin-1') when opening files or reading data."
"StopIteration","Ensure your loop or next() call is not attempting to pull items from an exhausted iterator."
SyntaxError: invalid syntax,"Check for missing colons (:) unclosed brackets or typos in keywords."
IndentationError: expected an indented block,"Ensure all code within loops, functions, and classes is consistently indented with 4 spaces."
NameError: name 'x' is not defined,"Verify the variable name is spelled correctly and was assigned a value before use."
TypeError: can only concatenate str (not 'int') to str,"Convert the non-string type to a string using str() or use f-strings for formatting."
IndexError: list index out of range,"Check if the index being accessed is within the valid range of the sequence (0 to length-1)."
KeyError: 'key',"Ensure the key exists in the dictionary or use the .get() method to provide a default value."
ValueError: invalid literal for int() with base 10,"Ensure the string being converted to an integer contains only numeric characters."
FileNotFoundError: [Errno 2] No such file or directory,"Verify the file path is correct and the file exists in the specified directory."
ImportError: No module named 'x',"Install the library using 'pip install x' and verify the module name's spelling."
AttributeError: 'NoneType' object has no attribute 'x',"Check if a function unexpectedly returned None instead of the expected object."
ZeroDivisionError: division by zero,"Add a conditional check to ensure the divisor is not zero before performing division."
UnboundLocalError: local variable referenced before assignment,"Ensure the local variable is assigned a value before it is accessed within a function."
ModuleNotFoundError: No module named 'x',"Ensure the package is installed in your current environment and the name is correct."
PermissionError: [Errno 13] Permission denied,"Check if the file is open in another program or if you have the necessary system permissions."
RecursionError: maximum recursion depth exceeded,"Check for an infinite recursive call or increase the limit using sys.setrecursionlimit()."
OverflowError: numerical result out of range,"Handle extremely large numbers that exceed the capacity of the current numeric type."
AssertionError,"Check the logic of your assert statements to ensure conditions are being met."
MemoryError,"Optimize memory usage by using generators or deleting large objects no longer in use."
UnicodeDecodeError: 'utf-8' codec can't decode byte,"Specify the correct encoding (e.g., 'latin-1') when opening files or reading data."
StopIteration,"Ensure your loop or next() call is not attempting to pull items from an exhausted iterator."
TabError: inconsistent use of tabs and spaces in indentation,"Convert all tabs to spaces to maintain consistent formatting across the script."
EOFError: EOF when reading a line,"Check if the input() function is reaching the end of the file unexpectedly."
FloatingPointError: floating point calculation failed,"Check for operations that might result in undefined floating-point values."
BufferError: [Errno 0],"Check for issues during memory buffer operations, often related to large data streams."
LookupError: unknown encoding,"Verify the encoding string provided is a valid standard (e.g., 'utf-8')."
NotImplementedError,"Implement the abstract method or function in your inherited class."
RuntimeError,"Investigate the specific message as this is a general catch-all for runtime logic errors."
SystemError: interpreter detected internal error,"Report the bug to the Python development team if it persists after script fixes."
UnicodeEncodeError,"Ensure the characters being encoded are supported by the target encoding format."
UnicodeTranslateError,"Check the translation table for characters that cannot be mapped to the target encoding."
BrokenPipeError: [Errno 32] Broken pipe,"Handle cases where a process tries to write to a pipe that has been closed by the receiver."
ConnectionAbortedError: [Errno 103],"Retry the connection or check network stability if the host forcibly closed the link."
ConnectionRefusedError: [Errno 111],"Ensure the target server is running and listening on the correct port."
ConnectionResetError: [Errno 104],"Check for network interruptions that may have caused the peer to reset the connection."
FileExistsError: [Errno 17] File exists,"Check for the file's existence before attempting to create a new one with the same name."
InterruptedError: [Errno 4] Interrupted system call,"Retry the system call if it was interrupted by an incoming signal."
IsADirectoryError: [Errno 21] Is a directory,"Ensure the path provided points to a file, not a folder, for file operations."
NotADirectoryError: [Errno 20] Not a directory,"Verify that the path components leading to your file are actual directories."
ProcessLookupError: [Errno 3] No such process,"Ensure the process ID (PID) you are trying to signal or wait for still exists."
TimeoutError: [Errno 110] Connection timed out,"Increase the timeout setting or check the responsiveness of the remote server."
BlockingIOError: [Errno 11] Resource temporarily unavailable,"Wait for the resource to become available or use non-blocking I/O patterns."
ChildProcessError: [Errno 10] No child processes,"Ensure the process has child tasks to wait for before calling wait() functions."
ReferenceError: weakly-referenced object no longer exists,"Check if the object being accessed via a weak reference has been garbage collected."
GeneratorExit,"Ensure any cleanup logic in a generator's try...finally block is handled correctly when closed."
StopAsyncIteration,"Ensure your asynchronous iterator has more items to yield before calling it again."
KeyboardInterrupt,"Add a try...except block to handle manual program termination (Ctrl+C) gracefully."
SystemExit,"Catch this if you need to perform cleanup before the sys.exit() call finishes."
ArithmeticError,"Use this base class to catch all numerical errors (Overflow, ZeroDivision, FloatingPoint)."
EnvironmentError,"Handle errors occurring outside of Python, such as OS or I/O issues."
IOError,"Check for issues during input or output operations, similar to OSError."
SyntaxError: invalid syntax,"Check for missing colons, unclosed brackets, or keyword typos."
IndentationError: expected an indented block,"Ensure consistent 4-space indentation after if/for/def statements."
NameError: name 'x' is not defined,"Verify variable spelling and ensure it was assigned before use."
TypeError: can only concatenate str (not 'int') to str,"Wrap the variable in str() or use an f-string to format."
IndexError: list index out of range,"Check if the index is within the valid range (0 to length-1)."
KeyError: 'key',"Confirm the key exists or use .get() to provide a default value."
ValueError: invalid literal for int(),"Ensure the string being converted contains only numeric digits."
FileNotFoundError: [Errno 2],"Verify the file path and ensure the file exists in that directory."
ImportError: No module named 'x',"Install the package via pip and check for typos in the import statement."
AttributeError: 'NoneType' object has no attribute 'x',"Ensure the preceding function didn't return None unexpectedly."
ZeroDivisionError: division by zero,"Add a check to ensure the divisor is not zero before calculating."
ModuleNotFoundError: No module named 'x',"Check your virtual environment or install via 'pip install x'."
UnboundLocalError: local variable referenced before assignment,"Declare the variable as global or assign it before internal function use."
PermissionError: [Errno 13] Permission denied,"Close the file in other programs or check system read/write permissions."
RecursionError: maximum recursion depth exceeded,"Check for infinite recursion or increase limit using sys.setrecursionlimit()."
OverflowError: numerical result out of range,"Use a different data type or check for exponential logic errors."
AssertionError,"Verify the condition in your 'assert' statement is meeting the expected logic."
MemoryError,"Optimize large datasets using generators or [Pandas chunking](https://pandas.pydata.org)."
UnicodeDecodeError: 'utf-8' codec can't decode byte,"Specify the correct encoding (e.g., 'latin-1') in the [Python open() function](https://docs.python.org)."
NotImplementedError,"Provide a concrete implementation for the abstract method in the child class."
SyntaxError: invalid syntax,"Check for missing colons (:), unclosed brackets, or typos in keywords."
IndentationError: expected an indented block,"Ensure consistent use of 4 spaces for blocks after if/for/while/def statements."
NameError: name 'x' is not defined,"Verify the variable is spelled correctly and assigned a value before use."
TypeError: can only concatenate str (not 'int') to str,"Convert the non-string type to a string using str() or use f-strings."
IndexError: list index out of range,"Verify that the index is within the valid range (0 to length-1) of the list."
KeyError: 'key',"Confirm the key exists in the dictionary or use the .get() method for a default value."
FileNotFoundError: [Errno 2] No such file or directory,"Verify the file path is correct and the file exists in the target directory."
ImportError: No module named 'x',"Install the missing library via pip and check for typos in the import statement."
AttributeError: 'NoneType' object has no attribute 'x',"Check if a function unexpectedly returned None instead of an object."
UnboundLocalError: local variable referenced before assignment,"Ensure the local variable is assigned a value before it is accessed in a function."
ModuleNotFoundError: No module named 'x',"Verify the package is installed in your current environment/venv."
RecursionError: maximum recursion depth exceeded,"Check for infinite recursive calls or increase limit via sys.setrecursionlimit()."
OverflowError: numerical result out of range,"Check for exponential logic errors or use more efficient numeric handling."
MemoryError,"Optimize memory usage using generators or [Pandas chunking](https://pandas.pydata.org)."
StopIteration,"Ensure your loop or next() call is not pulling from an exhausted iterator."
TabError: inconsistent use of tabs and spaces in indentation,"Convert all tabs to spaces to maintain consistent formatting."
FloatingPointError: floating point calculation failed,"Check for operations resulting in undefined floating-point values."
RuntimeError,"Investigate the specific message as a general catch-all for runtime logic errors."
KeyboardInterrupt,"Add a try-except block to handle manual program termination (Ctrl+C) gracefully."
SystemExit,"Catch this if you need to perform cleanup before a sys.exit() call finishes."
ArithmeticError,"Use this base class to catch all numerical errors (Overflow, ZeroDivision)."
BufferError,"Check for issues during memory buffer operations, often with large data streams."
SyntaxError: invalid syntax,"Check for missing colons, mismatched parentheses, or typos in keywords."
IndentationError: expected an indented block,"Ensure consistent 4-space indentation after control statements."
TypeError: can only concatenate str (not 'int') to str,"Wrap numeric variables in str() or use f-strings for formatting."
KeyError: 'key',"Confirm the key exists in the dictionary or use the .get() method."
ValueError: invalid literal for int(),"Ensure the string contains only numeric characters before conversion."
FileNotFoundError: [Errno 2],"Verify the file path and ensure the file exists in the directory."
ImportError: No module named 'x',"Install the package via pip and check the import statement spelling."
AttributeError: 'NoneType' object has no attribute 'x',"Ensure the preceding function did not return None unexpectedly."
ModuleNotFoundError: No module named 'x',"Check your virtual environment or run 'pip install x' in the terminal."
RecursionError: maximum recursion depth exceeded,"Check for infinite recursion or increase limit via sys.setrecursionlimit()."
OverflowError: numerical result out of range,"Check for exponential logic errors or use arbitrary-precision integers."
MemoryError,"Optimize datasets using generators or [Pandas chunking](https://pandas.pydata.org)."
UnicodeDecodeError: 'utf-8' codec can't decode byte,"Specify the correct encoding (e.g. 'latin-1') in the [Python open() function](https://docs.python.org)."
TabError: inconsistent use of tabs and spaces,"Convert all tabs to spaces to maintain consistent formatting."
FloatingPointError: calculation failed,"Check for operations resulting in undefined floating-point values."
LookupError: unknown encoding,"Verify the encoding string provided is a valid standard (e.g. 'utf-8')."
BrokenPipeError: [Errno 32],"Handle cases where a process writes to a pipe closed by the receiver."
TimeoutError: connection timed out,"Increase timeout settings or check the responsiveness of the remote server."
IsADirectoryError: [Errno 21],"Ensure the path provided points to a file, not a folder, for file operations."
NotADirectoryError: [Errno 20],"Verify that the path components leading to your file are actual directories."
ProcessLookupError: [Errno 3],"Ensure the process ID (PID) you are signaling still exists."
FileExistsError: [Errno 17],"Check for the file's existence before attempting to create a new one."
GeneratorExit,"Ensure cleanup logic in a generator's finally block is handled when closed."
StopAsyncIteration,"Ensure your async iterator has items to yield before calling it again."
ReferenceError: object no longer exists,"Check if the object accessed via weak reference was garbage collected."
BufferError,"Check for issues during memory buffer operations with large data streams."
pandas.errors.EmptyDataError,"Verify the CSV file is not empty before parsing with [Pandas read_csv](https://pandas.pydata.org)."
requests.exceptions.HTTPError,"Check the response status code using response.raise_for_status()."
json.decoder.JSONDecodeError,"Ensure the string/file being parsed is valid JSON format."
sqlite3.OperationalError: no such table,"Verify the table name and ensure the database connection is correct."
socket.gaierror: name or service not known,"Check the URL/hostname for typos or verify internet connectivity."
mysql.connector.errors.ProgrammingError,"Verify SQL syntax and check that all placeholders match parameters."
PicklingError: can't pickle x,"Ensure the object is serializable or use a different storage method."
sqlalchemy.exc.NoSuchTableError,"Confirm the table exists in the database schema being reflected."
django.core.exceptions.ImproperlyConfigured,"Check your settings.py for missing variables or incorrect paths."
SyntaxError: 'return' outside function,"Move the return statement inside a defined def block."
SyntaxError: 'break' outside loop,"Move the break statement inside a for or while loop."
SyntaxError: invalid syntax,"Check for missing colons (:), mismatched parentheses, or typos in keywords."
IndentationError: expected an indented block,"Ensure consistent use of 4 spaces after if, for, while, or def statements."
NameError: name 'x' is not defined,"Verify the variable is spelled correctly and was assigned a value before use."
TypeError: can only concatenate str (not 'int') to str,"Convert non-string types using str() or use f-strings for formatting."
IndexError: list index out of range,"Verify the index is within the valid range (0 to length-1) of the list."
KeyError: 'key',"Ensure the key exists in the dictionary or use .get() for a default value."
ValueError: invalid literal for int(),"Ensure the string being converted to an integer contains only numeric characters."
FileNotFoundError: [Errno 2],"Verify the file path is correct and the file exists in the target directory."
ImportError: No module named 'x',"Install the missing library via pip and check the import statement's spelling."
AttributeError: 'NoneType' object has no attribute 'x',"Check if a function returned None unexpectedly instead of the expected object."
ZeroDivisionError: division by zero,"Add a conditional check to ensure the divisor is not zero before calculating."
ModuleNotFoundError: No module named 'x',"Verify the package is installed in your current environment or virtual environment."
AssertionError,"Verify the condition in your 'assert' statement matches the intended logic."
TabError: inconsistent use of tabs and spaces,"Convert all tabs to spaces to maintain consistent formatting across the script."
EOFError: EOF when reading a line,"Check if the input() function is reaching the end of a file stream unexpectedly."
ArithmeticError,"Use this base class to catch all numerical errors like Overflow or ZeroDivision."
IsADirectoryError: [Errno 21],"Ensure the path points to a file, not a folder, for file operations."
pandas.errors.EmptyDataError,"Verify the CSV file is not empty before parsing with [Pandas read_csv]()."
"requests.exceptions.HTTPError","Check the response status code using response.raise_for_status()."
"json.decoder.JSONDecodeError","Ensure the string or file being parsed is in valid JSON format."
"sqlite3.OperationalError: no such table","Verify the table name and ensure the database connection is correct."
"socket.gaierror: name or service not known","Check the URL for typos or verify internet connectivity."
"PicklingError: can't pickle x","Ensure the object is serializable or use a different storage method."
"sqlalchemy.exc.NoSuchTableError","Confirm the table exists in the database schema being reflected."
"django.core.exceptions.ImproperlyConfigured","Check your settings.py for missing variables or incorrect paths."
"SyntaxError: 'return' outside function","Move the return statement inside a defined def block."
"SyntaxError: 'break' outside loop","Move the break statement inside a for or while loop."
SyntaxError: invalid syntax,"Check for missing colons (:), unclosed brackets, or keyword typos."
IndentationError: expected an indented block,"Ensure consistent 4-space indentation after if, for, while, or def."
TypeError: can only concatenate str (not 'int') to str,"Convert the variable to a string using str() or use f-strings."
ValueError: invalid literal for int(),"Ensure the string being converted contains only numeric characters."
ImportError: No module named 'x',"Install the missing library via pip and check the import spelling."
ModuleNotFoundError: No module named 'x',"Check your virtual environment or run 'pip install x' in terminal."
UnicodeDecodeError: 'utf-8' codec can't decode,"Specify the correct encoding (e.g. 'latin-1') in the [Python open() function](https://docs.python.org)."
EOFError: EOF when reading a line,"Check if the input() function is reaching the end of a file unexpectedly."
json.decoder.JSONDecodeError,"Ensure the string/file being parsed is in valid JSON format."
socket.gaierror: name or service not known,"Check the URL for typos or verify internet connectivity."
mysql.connector.errors.ProgrammingError,"Verify SQL syntax and check that placeholders match parameters."
OSError: [Errno 28] No space left on device,"Clear temporary files or expand the storage of the target drive."
Warning: a bytes-like object is required not 'str',"Encode the string using .encode('utf-8') before processing as bytes."
FutureWarning,"Update your code to use the new recommended syntax to avoid breaking changes."
IndentationError: expected an indented block,"Ensure consistent 4-space indentation after if, for, while, or def statements."
NameError: name 'x' is not defined,"Verify the variable name is spelled correctly and assigned before use."
TypeError: can only concatenate str (not 'int') to str,"Convert the variable to a string using str() or use f-strings for formatting."
IndexError: list index out of range,"Check if the index is within the valid range (0 to length-1) of the list."
FileNotFoundError: [Errno 2],"Verify the file path is correct and the file exists in the directory."
ModuleNotFoundError: No module named 'x',"Check your virtual environment or run 'pip install x' in your terminal."
InterruptedError: system call interrupted,"Retry the system call if it was interrupted by an incoming signal."
ConnectionAbortedError: [Errno 103],"Retry the connection or check network stability if the host closed the link."
ConnectionResetError: [Errno 104],"Check for network interruptions that caused the peer to reset the connection."
ChildProcessError: [Errno 10],"Ensure the process has child tasks to wait for before calling wait()."
BlockingIOError: resource temporarily unavailable,"Wait for the resource to become available or use non-blocking patterns."
Warning: 'with' will be required in future versions,"Update resource-handling code to use the 'with' context manager."
DeprecationWarning,"Transition away from the deprecated feature before it is removed in future updates."
ImportWarning: can't find '__init__.py',"Ensure the directory is a valid package by adding an __init__.py file."
ResourceWarning: unclosed file,"Ensure you are using 'with' or explicitly calling .close() on file objects."
RuntimeWarning: divide by zero encountered,"Check for potential zero values in arrays before performing division."
UserWarning: non-standard input format,"Validate the input data format against the library requirements."
SyntaxWarning: 'is' with a literal,"Use '==' instead of 'is' when comparing values like strings or integers."
SyntaxWarning: invalid escape sequence,"Use raw strings (r'path') or double backslashes (\\) in string literals."
UnicodeEncodeError,"Ensure the characters being encoded are supported by the target format."
UnicodeTranslateError,"Check the translation table for characters that cannot be mapped."
SystemError: internal interpreter error,"Report the bug to the Python team if it persists after script fixes."
PendingDeprecationWarning,"Prepare to update code as this feature is scheduled for future deprecation."
BytesWarning: str() on a bytes instance,"Decode the bytes using .decode() before converting to a string."
AttributeError: 'list' object has no attribute 'get',"Ensure you are calling .get() on a dictionary, not a list."
TypeError: 'int' object is not callable,"Check if you have assigned an integer to a variable with a function name."
TypeError: 'NoneType' object is not subscriptable,"Check if a variable you are indexing (e.g., x[0]) is actually None."
ValueError: too many values to unpack,"Ensure the number of variables matches the number of items in the sequence."
ValueError: not enough values to unpack,"Check if the sequence has fewer items than the variables being assigned."
ImportError: cannot import name 'x' from 'y',"Verify the module 'y' contains a function or class named 'x'."
SyntaxError: f-string: missing '}',"Ensure all opening braces in an f-string have a matching closing brace."
IndentationError: unindent does not match any outer indentation level,"Check the alignment of your code blocks and ensure consistent indentation."
SyntaxError: keyword can't be an expression,"Ensure you are not trying to assign a value to a Python keyword."
StopAsyncIteration,"Verify your async generator has data left before calling an iteration."
RecursionError: maximum depth exceeded in comparison,"Simplify complex object comparisons or recursive data structures."
RuntimeError: generator raised StopIteration,"Handle the internal StopIteration inside the generator logic."
RuntimeError: dictionary changed size during iteration,"Iterate over a copy of the dictionary (e.g., list(d.keys())) if modifying it."
TypeError: 'set' object is not indexing,"Use loops or pop() to access set elements as they do not support indexing."
ValueError: list.remove(x): x not in list,"Verify the item exists in the list before calling the remove() method."
KeyError: '0',"Ensure you are using an integer index for lists, not a string key."
AttributeError: module 'x' has no attribute 'y',"Check for circular imports or typos in the module's attribute name."
OSError: [Errno 98] Address already in use,"Wait for the port to clear or choose a different port for your server."
sqlite3.IntegrityError: UNIQUE constraint failed,"Ensure you are not inserting a duplicate value into a unique column."
requests.exceptions.ConnectionError,"Check the server's availability or verify your proxy/network settings."
requests.exceptions.TooManyRedirects,"Check the URL for circular redirects or increase the max redirect limit."
pandas.errors.ParserError,"Verify the CSV delimiter (comma, semicolon) matches the separator in read_csv."
django.db.utils.OperationalError,"Verify the database service is running and credentials in settings are correct."
flask.cli.NoAppException,"Set the FLASK_APP environment variable to point to your application file."
PyMongoError: connection failure,"Verify the MongoDB connection string and ensure the database is accessible."
ZeroDivisionError: float division by zero,"Add an epsilon value or check for zero in floating point calculations."
OSError: [Errno 24] Too many open files,"Close unused file descriptors or increase the system limit for open files."
IndentationError: expected an indented block,"Ensure consistent 4-space indentation after if/for/while/def statements."
TypeError: 'NoneType' object is not subscriptable,"Check if a variable you are indexing (e.g., x) is actually None."
MemoryError,"Optimize datasets using generators or Pandas chunking."
UnicodeDecodeError: 'utf-8' codec can't decode,"Specify the correct encoding (e.g. 'latin-1') in the open() function."
KeyboardInterrupt,"Add a try-except block to handle manual program termination (Ctrl+C)."
IsADirectoryError: [Errno 21],"Ensure the path provided points to a file, not a folder."
pandas.errors.EmptyDataError,"Verify the CSV file is not empty before parsing with read_csv."
InterruptedError: [Errno 4],"Retry the system call if it was interrupted by an incoming signal."
ConnectionAbortedError: [Errno 103],"Retry the connection or check network stability."
ConnectionResetError: [Errno 104],"Check for network interruptions causing the peer to reset the connection."
BlockingIOError: [Errno 11],"Wait for the resource to become available or use non-blocking patterns."
Warning: 'with' required,"Update resource-handling code to use the 'with' context manager."
DeprecationWarning,"Transition away from the deprecated feature before it is removed."
ResourceWarning: unclosed file,"Ensure you are using 'with' or calling .close() on file objects."
RuntimeWarning: divide by zero encountered,"Check for potential zero values in arrays before division."
SyntaxWarning: invalid escape sequence,"Use raw strings (r'path') or double backslashes (\\) in literals."
UnicodeEncodeError,"Ensure characters being encoded are supported by the target format."
PendingDeprecationWarning,"Prepare to update code as this feature is scheduled for removal."
BytesWarning: str() on a bytes instance,"Decode bytes using .decode() before converting to string."
TypeError: 'int' object is not callable,"Check if you assigned an integer to a variable with a function name."
TypeError: 'NoneType' object is not subscriptable,"Check if a variable you are indexing is actually None."
ValueError: too many values to unpack,"Ensure the number of variables matches the items in the sequence."
IndentationError: unindent match,"Check the alignment of your code blocks and ensure consistent indentation."
SyntaxError: keyword can't be expression,"Ensure you are not trying to assign a value to a Python keyword."
RecursionError: depth exceeded in comparison,"Simplify complex object comparisons or recursive structures."
RuntimeError: dictionary changed size,"Iterate over a copy (e.g. list(d.keys())) if modifying the dict."
TypeError: 'set' object is not indexing,"Use loops or pop() to access set elements; sets do not support indexing."
ValueError: list.remove(x): x not in list,"Verify the item exists in the list before calling remove()."
OSError: [Errno 98] Address in use,"Wait for the port to clear or choose a different port."
sqlite3.IntegrityError: UNIQUE failed,"Ensure you are not inserting a duplicate value into a unique column."
requests.exceptions.ConnectionError,"Check the server availability or verify proxy/network settings."
requests.exceptions.TooManyRedirects,"Check the URL for circular redirects or increase max redirect limit."
pandas.errors.ParserError,"Verify the CSV delimiter matches the separator in read_csv."
django.db.utils.OperationalError,"Verify the database service is running and credentials are correct."
flask.cli.NoAppException,"Set the FLASK_APP environment variable to point to your app file."
PyMongoError: connection failure,"Verify the MongoDB connection string and database accessibility."
ZeroDivisionError: float division by zero,"Add an epsilon value or check for zero in float calculations."
OSError: [Errno 24] Too many open files,"Close unused file descriptors or increase the system limit."
ImportError: DLL load failed,"Verify that the required C++ redistributables or dependencies are installed."
RuntimeError: Working outside of application context,"In Flask, wrap code needing the app context with app.app_context()."
marshmallow.exceptions.ValidationError,"Check the input data against the schema definitions."
redis.exceptions.ConnectionError,"Verify the Redis server is running and reachable at the specified host."
RuntimeError: dictionary changed size during iteration,"Iterate over a copy (e.g. list(d.keys())) if modifying the dict."
ImportError: DLL load failed,"Verify that the required dependencies or C++ redistributables are installed."
RuntimeError: Working outside of application context,"In Flask, wrap code in app.app_context() to access application globals."
marshmallow.exceptions.ValidationError,"Check the input data against the defined validation schema."
PermissionError: [Errno 13] Permission denied,"Close the file in other programs or check system permissions."
ImportError: DLL load failed,"Verify that required dependencies or C++ redistributables are installed."
RuntimeError: Working outside of context,"In Flask, wrap code in app.app_context() to access application globals."
OSError: [Errno 98] Address already in use,"Wait for the port to clear or choose a different port."
requests.exceptions.ConnectionError,"Check server availability or verify proxy/network settings."
IndentationError: expected an indented block,"Ensure consistent 4-space indentation after control statements like if/for/def."
NameError: name 'x' is not defined,"Verify variable spelling and ensure it was assigned a value before being used."
KeyError: 'key',"Confirm the key exists in the dictionary or use .get() for a default value."
FileNotFoundError: [Errno 2] No such file,"Verify the file path is correct and the file exists in that directory."
ImportError: No module named 'x',"Install the missing library via pip and check for typos in the import name."
AttributeError: 'NoneType' object has no attribute 'x',"Check if a preceding function unexpectedly returned None instead of an object."
AssertionError,"Verify the condition in your 'assert' statement matches the expected logic."
django.core.exceptions.ImproperlyConfigured,"Check settings.py for missing variables or incorrect paths."
SyntaxWarning: invalid escape sequence,"Use raw strings (r'path') or double backslashes in literals."
ValueError: too many values to unpack,"Ensure number of variables matches items in the sequence."
ValueError: not enough values to unpack,"Check if sequence has fewer items than variables being assigned."
ImportError: cannot import name 'x' from 'y',"Verify module 'y' contains a function or class named 'x'."
IndentationError: unindent match,"Check alignment of code blocks and ensure consistent indentation."
AttributeError: module 'x' has no attribute 'y',"Check for circular imports or typos in the module attribute name."
OSError: [Errno 98] Address in use,"Wait for port to clear or choose a different port for the server."
pandas.errors.ParserError,"Verify CSV delimiter matches the separator in read_csv."
django.db.utils.OperationalError,"Verify database service is running and credentials are correct."
flask.cli.NoAppException,"Set FLASK_APP environment variable to point to your application file."
PyMongoError: connection failure,"Verify MongoDB connection string and database accessibility."
ImportError: DLL load failed,"Verify required dependencies or C++ redistributables are installed."
RuntimeError: Working outside context,"In Flask, wrap code in app.app_context() to access globals."
redis.exceptions.ConnectionError,"Verify Redis server is running and reachable at the specified host."
NameError: name 'x' is not defined,"Verify variable spelling and ensure it was assigned a value before use."
SQLSTATE 42703: Undefined column,"Check the spelling of the column name and verify it exists in the target table."
SQLSTATE 42P01: Undefined table,"Verify the table name and ensure you are connected to the correct schema/database."
SQLSTATE 23505: Unique violation,"Check for duplicate values in columns defined with UNIQUE or PRIMARY KEY constraints."
SQLSTATE 23503: Foreign key violation,"Ensure the referencing value exists in the parent table before inserting or updating."
SQLSTATE 22001: String data right truncation,"Increase the column length or shorten the input string to fit the VARCHAR/CHAR limit."
SQLSTATE 42601: Syntax error,"Check for missing commas, mismatched parentheses, or misspelled SQL keywords."
SQLSTATE 23502: Not null violation,"Provide a value for the column or alter the table to allow NULL values."
SQLSTATE 08006: Connection failure,"Verify the database server is running and check your network/firewall settings."
SQLSTATE 40P01: Deadlock detected,"Retry the transaction or optimize query order to reduce resource contention."
SQLSTATE 22012: Division by zero,"Add a CASE statement or NULLIF to handle potential zero denominators in calculations."
SQLSTATE 42P07: Duplicate table,"Choose a unique name for the new table or use 'CREATE TABLE IF NOT EXISTS'."
SQLSTATE 28P01: Invalid password,"Check your connection string credentials and ensure the user has access."
SQLSTATE 42701: Duplicate column,"Ensure the column name in your ALTER TABLE or CREATE TABLE statement is unique."
SQLSTATE 22007: Invalid datetime format,"Verify that the date string matches the expected database format (e.g., YYYY-MM-DD)."
SQLSTATE 57014: Query canceled,"Optimize the query for performance or increase the statement timeout limit."
SQLSTATE 23514: Check violation,"Ensure the data being inserted meets the criteria defined in the CHECK constraint."
SQLSTATE 42501: Insufficient privilege,"Grant the necessary SELECT, INSERT, or UPDATE permissions to the database user."
SQLSTATE 22003: Numeric value out of range,"Use a larger numeric type (e.g., BIGINT instead of INT) to store the value."
SQLSTATE 08004: Server rejected connection,"Check if the maximum number of connections has been reached on the server."
SQLSTATE 42P04: Duplicate database,"Verify if the database already exists before running the CREATE DATABASE command."
SQLSTATE 21000: Cardinality violation,"Ensure a subquery used in an expression returns exactly one row."
SQLSTATE 42803: Grouping error,"Include all non-aggregated columns from the SELECT list in the GROUP BY clause."
SQLSTATE 42P18: Indeterminate datatype,"Explicitly cast the value using '::type' or CAST() to resolve ambiguity."
SQLSTATE 22008: Datetime field overflow,"Check for invalid dates like February 30th or leap year inconsistencies."
SQLSTATE 53300: Too many connections,"Close idle sessions or increase the 'max_connections' setting in the config."
SQLSTATE 42704: Undefined object,"Verify the existence of the index, view, or sequence you are trying to reference."
SQLSTATE 2BP01: Dependent objects still exist,"Use 'DROP ... CASCADE' to remove the object along with its dependencies."
SQLSTATE 42883: Undefined function,"Check the function name and ensure the argument types match the definition."
SQLSTATE 22018: Invalid character value for cast,"Verify that the source string can be logically converted to the target type."
SQLSTATE 0A000: Feature not supported,"Consult the [PostgreSQL Documentation](https://www.postgresql.org) for alternative syntax."
SQLSTATE 42P10: Invalid column reference,"Ensure the column alias is not used in the WHERE clause; use a subquery or CTE."
SQLSTATE 22P02: Invalid text representation,"Clean the input data to remove illegal characters for the target data type."
SQLSTATE 53100: Disk full,"Free up space on the database drive or move logs to a different partition."
SQLSTATE 25P02: In failed sql transaction,"Roll back the current transaction before attempting new commands."
SQLSTATE 42P11: Invalid cursor name,"Ensure the cursor has been properly declared and opened before fetching."
SQLSTATE 42804: Datatype mismatch,"Align the data types in your UNION or JOIN conditions."
SQLSTATE 42P13: Invalid parameter definition,"Check the syntax of your stored procedure or function parameters."
SQLSTATE 22023: Invalid parameter value,"Verify that the values passed to a built-in function are within valid ranges."
SQLSTATE 42P16: Invalid table definition,"Ensure the table has at least one column and a valid primary key if required."
SQLSTATE 2200B: Escape character conflict,"Check your LIKE patterns for improper use of the ESCAPE clause."
SQLSTATE 42710: Duplicate object,"Verify that the index or constraint name is not already in use in the schema."
SQLSTATE 2201E: Invalid argument for log,"Ensure the argument for the LOG() function is a positive numeric value."
SQLSTATE 42P15: Invalid schema name,"Check the schema prefix and ensure it exists in the current database."
SQLSTATE 25001: Active sql transaction,"Commit or rollback the current transaction before starting a new one."
SQLSTATE 42P06: Duplicate schema,"Verify if the schema exists before running the CREATE SCHEMA command."
SQLSTATE 2201F: Invalid argument for power,"Check that the POWER() function arguments do not result in complex numbers."
SQLSTATE 42846: Cannot cast type,"Use a custom conversion function if a direct CAST is not supported."
SQLSTATE 2201G: Invalid argument for width bucket,"Ensure the parameters for WIDTH_BUCKET satisfy the (min < max) requirement."
SQLSTATE 42P05: Duplicate prepared statement,"Deallocate the existing prepared statement before recreating it."
SQLSTATE 22019: Invalid escape character,"Use a single character string for the ESCAPE value in LIKE queries."
SQLSTATE 42P14: Control reached end of function,"Ensure all logic paths in your PL/pgSQL function return a value."
SQLSTATE 2201B: Invalid regular expression,"Validate the regex syntax against the [POSIX standard](https://pubs.opengroup.org)."
SQLSTATE 42P12: Invalid collation,"Verify that the collation exists and is supported by the operating system."
SQLSTATE 22025: Invalid escape sequence,"Ensure backslashes or escape characters are used correctly in strings."
SQLSTATE 42712: Duplicate alias,"Provide unique aliases for tables in a JOIN to avoid ambiguity."
SQLSTATE 22027: Trim error,"Ensure the character to be trimmed is exactly one character long."
SQLSTATE 42809: Wrong object type,"Verify you are not trying to 'DROP TABLE' on a View or vice versa."
SQLSTATE 22030: Duplicate element in array,"Remove duplicate entries if the array requires unique elements."
SQLSTATE 42P02: Undefined parameter,"Check that all placeholders ($1, $2) have corresponding values provided."
SQLSTATE 22031: No element in array,"Ensure the array index being accessed is within the array bounds."
SQLSTATE 42830: Invalid foreign key,"Verify the parent table has a matching PRIMARY KEY or UNIQUE constraint."
SQLSTATE 22032: Invalid use of escape,"Check the JSON or string escape logic for invalid sequences."
SQLSTATE 42P09: Ambiguous alias,"Use table prefixes (table.column) to distinguish between identical column names."
SQLSTATE 22033: Invalid SQL JSON subscript,"Check that the JSON path expression correctly references an existing element."
SQLSTATE 42723: Duplicate function,"Differentiate functions by argument types or drop the old version."
SQLSTATE 22034: Invalid JSON text,"Validate the JSON input using an external [JSON Validator](https://jsonlint.com)."
SQLSTATE 42P03: Duplicate cursor,"Close the existing cursor before attempting to open it again."
SQLSTATE 22035: Invalid SQL JSON item,"Verify that the item being extracted from JSON exists."
SQLSTATE 428C9: Cannot drop active role,"Disconnect all sessions associated with the role before dropping it."
SQLSTATE 22036: Invalid JSON key,"Ensure JSON keys follow the naming conventions of the database."
SQLSTATE 42P17: Infinite recursion,"Check your Recursive CTE anchor and member terms for a valid termination condition."
SQLSTATE 22037: Invalid JSON start,"Verify that the JSON string starts with '{' or '['."
SQLSTATE 42P21: Collation mismatch,"Ensure both sides of a comparison use compatible collation settings."
SQLSTATE 22038: Invalid JSON end,"Verify that the JSON string ends with the appropriate closing bracket."
SQLSTATE 42P22: Indeterminate collation,"Explicitly define the collation for the column or expression."
SQLSTATE 22039: Invalid JSON object,"Check for trailing commas or missing quotes in the JSON object."
SQLSTATE 42725: Ambiguous function,"Provide explicit type casts for arguments to help the parser select the function."
SQLSTATE 2203A: Invalid JSON array,"Ensure all elements in the JSON array are properly separated by commas."
SQLSTATE 42P19: Invalid table alias,"Avoid using reserved SQL keywords as table aliases."
SQLSTATE 2203B: Invalid JSON scalar,"Check the data type of the scalar value within the JSON structure."
SQLSTATE 42P20: Invalid window frame,"Verify the ROWS or RANGE clause in your window function is valid."
SQLSTATE 2203C: Invalid JSON null,"Ensure 'null' is lowercase and not wrapped in extra quotes."
SQLSTATE 42805: Grouping column error,"Ensure columns in SELECT match those in the GROUP BY clause."
SQLSTATE 2203D: Invalid JSON boolean,"Verify that boolean values are 'true' or 'false' (unquoted)."
SQLSTATE 42807: Invalid restriction,"Check the documentation for limitations on the specific command being used."
SQLSTATE 2203E: Invalid JSON number,"Ensure numeric values in JSON do not have leading zeros or invalid formats."
SQLSTATE 42843: Invalid column reference,"Ensure columns used in ORDER BY are available in the result set."
SQLSTATE 2203F: Invalid JSON string,"Check for unescaped control characters within the JSON string."
SQLSTATE 42P08: Ambiguous parameter,"Assign unique names or positions to query parameters."
SQLSTATE 2203G: Invalid JSON path,"Verify the syntax of the [JSONPath expression](https://goessner.net)."
SQLSTATE 42939: Reserved name,"Rename the object to avoid using system-reserved prefixes or keywords."
SQLSTATE 2203H: Invalid JSON search,"Check the parameters of the JSON search or match function."
SQLSTATE 42P1B: Invalid table sample,"Ensure the sampling method and percentage are supported and valid."
SQLSTATE 2203I: Invalid JSON update,"Verify the target path for the JSON update exists."
SQLSTATE 42P1C: Invalid view definition,"Ensure all columns in the view have unique names."
SQLSTATE 2203J: Invalid JSON delete,"Check the path provided for the JSON deletion operation."
SQLSTATE 42P1D: Invalid materialized view,"Ensure the query for the materialized view is valid and performant."
SQLSTATE 2203K: Invalid JSON insert,"Verify the data being inserted into the JSON field is valid."
SQLSTATE 42P1E: Invalid column definition,"Check the data type and constraints for the new column."
SQLSTATE 2203L: Invalid JSON merge,"Ensure the JSON objects being merged are correctly formatted."
SQLSTATE 42703: Undefined column,"Check the spelling of the column and verify it exists in the target table."
SQLSTATE 42P01: Undefined table,"Verify the table name and ensure you are in the correct schema/database."
SQLSTATE 23505: Unique violation,"Check for duplicate values in columns with UNIQUE or PRIMARY KEY constraints."
SQLSTATE 23503: Foreign key violation,"Ensure the referencing value exists in the parent table before inserting."
SQLSTATE 22001: String data right truncation,"Increase the column length or shorten the input string to fit the limit."
SQLSTATE 42601: Syntax error,"Check for missing commas, mismatched parentheses, or misspelled keywords."
SQLSTATE 23502: Not null violation,"Provide a value for the column or allow NULL values in the table schema."
SQLSTATE 08006: Connection failure,"Verify the database server is running and check network/firewall settings."
SQLSTATE 40P01: Deadlock detected,"Retry the transaction or optimize query order to reduce resource locking."
SQLSTATE 22012: Division by zero,"Use a CASE statement or NULLIF to handle zero denominators in calculations."
SQLSTATE 42P07: Duplicate table,"Choose a unique name or use 'CREATE TABLE IF NOT EXISTS' syntax."
SQLSTATE 28P01: Invalid password,"Verify connection string credentials and ensure the user has access."
SQLSTATE 42701: Duplicate column,"Ensure the column name in your ALTER or CREATE statement is unique."
SQLSTATE 22007: Invalid datetime format,"Verify the date string matches the database format (e.g., YYYY-MM-DD)."
SQLSTATE 57014: Query canceled,"Optimize the query performance or increase the statement timeout limit."
SQLSTATE 23514: Check violation,"Ensure the data meets the criteria defined in the CHECK constraint."
SQLSTATE 42501: Insufficient privilege,"Grant the necessary SELECT, INSERT, or UPDATE permissions to the user."
SQLSTATE 22003: Numeric value out of range,"Use a larger numeric type (e.g., BIGINT) to store the value."
SQLSTATE 08004: Server rejected connection,"Check if the maximum number of connections has been reached on the server."
SQLSTATE 42P04: Duplicate database,"Verify if the database exists before running the CREATE DATABASE command."
SQLSTATE 21000: Cardinality violation,"Ensure a subquery used in an expression returns exactly one row."
SQLSTATE 42803: Grouping error,"Include all non-aggregated columns from the SELECT list in the GROUP BY."
SQLSTATE 42P18: Indeterminate datatype,"Explicitly cast the value using CAST() to resolve type ambiguity."
SQLSTATE 22008: Datetime field overflow,"Check for invalid dates like February 30th or leap year inconsistencies."
SQLSTATE 53300: Too many connections,"Close idle sessions or increase the 'max_connections' system setting."
SQLSTATE 42704: Undefined object,"Verify the index, view, or sequence exists before referencing it."
SQLSTATE 2BP01: Dependent objects exist,"Use 'DROP ... CASCADE' to remove the object and its dependencies."
SQLSTATE 42883: Undefined function,"Check function name and ensure argument types match the definition."
SQLSTATE 22018: Invalid character for cast,"Verify that the source string can be logically converted to the target type."
SQLSTATE 0A000: Feature not supported,"Consult documentation for alternative syntax supported by your DB engine."
SQLSTATE 42P10: Invalid column reference,"Ensure column aliases are not used in WHERE; use a CTE or subquery."
SQLSTATE 22P02: Invalid text representation,"Clean input data to remove illegal characters for the target data type."
SQLSTATE 53100: Disk full,"Free up space on the database drive or move logs to another partition."
SQLSTATE 25P02: In failed sql transaction,"Roll back the current transaction before attempting new commands."
SQLSTATE 42P11: Invalid cursor name,"Ensure the cursor is declared and opened before attempting to fetch."
SQLSTATE 42804: Datatype mismatch,"Align data types in your UNION, JOIN, or CASE statement branches."
SQLSTATE 42P13: Invalid parameter definition,"Check the syntax of your stored procedure or function parameters."
SQLSTATE 22023: Invalid parameter value,"Verify values passed to built-in functions are within valid ranges."
SQLSTATE 42P16: Invalid table definition,"Ensure the table has at least one column and a valid name."
SQLSTATE 2200B: Escape character conflict,"Check LIKE patterns for improper use of the ESCAPE clause."
SQLSTATE 42710: Duplicate object,"Verify that the index or constraint name is not already in use."
SQLSTATE 2201E: Invalid argument for log,"Ensure the argument for the LOG() function is a positive numeric value."
SQLSTATE 42P15: Invalid schema name,"Check the schema prefix and ensure it exists in the current database."
SQLSTATE 25001: Active sql transaction,"Commit or rollback the current transaction before starting a new one."
SQLSTATE 42P06: Duplicate schema,"Verify if the schema exists before running CREATE SCHEMA."
SQLSTATE 2201F: Invalid argument for power,"Ensure POWER() arguments do not result in undefined complex numbers."
SQLSTATE 42846: Cannot cast type,"Use a custom conversion function if a direct CAST is not possible."
SQLSTATE 2201G: Invalid width bucket,"Ensure width_bucket parameters satisfy the (min < max) requirement."
SQLSTATE 42P05: Duplicate prepared statement,"Deallocate the existing prepared statement before recreating it."
SQLSTATE 22019: Invalid escape character,"Use a single character string for the ESCAPE value in LIKE queries."
SQLSTATE 42P14: Control reached end,"Ensure all logic paths in your stored function return a value."
SQLSTATE 2201B: Invalid regular expression,"Validate regex syntax against the database-supported standard."
SQLSTATE 42P12: Invalid collation,"Verify the collation is supported by the OS and database instance."
SQLSTATE 22025: Invalid escape sequence,"Ensure backslashes or escape characters are used correctly in strings."
SQLSTATE 42712: Duplicate alias,"Provide unique aliases for tables in a JOIN to avoid ambiguity."
SQLSTATE 22027: Trim error,"Ensure the character to be trimmed is exactly one character long."
SQLSTATE 42809: Wrong object type,"Verify you are not trying to 'DROP TABLE' on a View or vice versa."
SQLSTATE 22030: Duplicate array element,"Remove duplicate entries if the array requires unique elements."
SQLSTATE 42P02: Undefined parameter,"Check that all placeholders ($1, $2, ?) have corresponding values."
SQLSTATE 22031: No element in array,"Ensure the array index being accessed is within the array bounds."
SQLSTATE 42830: Invalid foreign key,"Verify the parent table has a matching PRIMARY or UNIQUE key."
SQLSTATE 22032: Invalid JSON escape,"Check JSON string escape logic for invalid sequences."
SQLSTATE 42P09: Ambiguous alias,"Use table prefixes (table.column) to distinguish identical names."
SQLSTATE 22033: Invalid JSON subscript,"Check that the JSON path references an existing array element."
SQLSTATE 42723: Duplicate function,"Differentiate functions by argument types or drop the old one."
SQLSTATE 22034: Invalid JSON text,"Validate the JSON input using a [JSON Validator](https://jsonlint.com)."
SQLSTATE 42P03: Duplicate cursor,"Close the existing cursor before attempting to open it again."
SQLSTATE 22035: Invalid JSON item,"Verify that the specific item being extracted from JSON exists."
SQLSTATE 428C9: Cannot drop active role,"Disconnect all sessions for the role before dropping it."
SQLSTATE 22036: Invalid JSON key,"Ensure JSON keys follow the naming conventions of the database."
SQLSTATE 42P17: Infinite recursion,"Check Recursive CTE terms for a valid termination condition."
SQLSTATE 22037: Invalid JSON start,"Verify the JSON string starts with a valid '{' or '[' character."
SQLSTATE 42P21: Collation mismatch,"Ensure both sides of a comparison use compatible collation settings."
SQLSTATE 22038: Invalid JSON end,"Verify the JSON string ends with the appropriate closing bracket."
SQLSTATE 42P22: Indeterminate collation,"Explicitly define the collation for the column or expression."
SQLSTATE 22039: Invalid JSON object,"Check for trailing commas or missing quotes in the JSON object."
SQLSTATE 42725: Ambiguous function,"Provide explicit type casts for arguments to help the parser."
SQLSTATE 2203A: Invalid JSON array,"Ensure all elements in the JSON array are separated by commas."
SQLSTATE 42P19: Invalid table alias,"Avoid using reserved SQL keywords as table or column aliases."
SQLSTATE 2203B: Invalid JSON scalar,"Check the data type of the scalar value within the JSON structure."
SQLSTATE 42P20: Invalid window frame,"Verify the ROWS or RANGE clause in your window function is valid."
SQLSTATE 2203C: Invalid JSON null,"Ensure 'null' is lowercase and not wrapped in extra quotes."
SQLSTATE 42805: Grouping column error,"Ensure columns in SELECT match those defined in GROUP BY."
SQLSTATE 2203D: Invalid JSON boolean,"Verify that boolean values are 'true' or 'false' (unquoted)."
SQLSTATE 42807: Invalid restriction,"Consult documentation for specific limitations on the command used."
SQLSTATE 2203E: Invalid JSON number,"Ensure numeric values in JSON do not have invalid leading zeros."
SQLSTATE 42843: Invalid ORDER BY,"Ensure columns used in ORDER BY are available in the result set."
SQLSTATE 2203F: Invalid JSON string,"Check for unescaped control characters within the JSON string."
SQLSTATE 42P08: Ambiguous parameter,"Assign unique names or positions to query parameters."
SQLSTATE 2203G: Invalid JSON path,"Verify the syntax of the JSONPath expression being used."
SQLSTATE 42939: Reserved name,"Rename the object to avoid using system-reserved keywords."
SQLSTATE 2203H: Invalid JSON search,"Check the parameters of the JSON search or match function."
SQLSTATE 42P1B: Invalid tablesample,"Ensure the sampling method and percentage are valid."
SQLSTATE 2203I: Invalid JSON update,"Verify the target path for the JSON update operation exists."
SQLSTATE 42P1C: Invalid view column,"Ensure all columns in the view definition have unique names."
SQLSTATE 2203J: Invalid JSON delete,"Check the path provided for the JSON deletion operation."
SQLSTATE 42P1D: Invalid materialized view,"Ensure the query for the materialized view is valid and efficient."
SQLSTATE 2203K: Invalid JSON insert,"Verify the data being inserted into the JSON field is valid."
SQLSTATE 42P1E: Invalid column def,"Check the data type and constraints for the new column."
SQLSTATE 2203L: Invalid JSON merge,"Ensure the JSON objects being merged are correctly formatted."
SQLSTATE 42703: Undefined column,"Check the spelling of the column and verify it exists in the target table."
SQLSTATE 42P01: Undefined table,"Verify the table name and ensure you are in the correct schema/database."
SQLSTATE 23505: Unique violation,"Check for duplicate values in columns with UNIQUE or PRIMARY KEY constraints."
SQLSTATE 23503: Foreign key violation,"Ensure the referencing value exists in the parent table before inserting."
SQLSTATE 22001: String data right truncation,"Increase the column length or shorten the input string to fit the limit."
SQLSTATE 42601: Syntax error,"Check for missing commas, mismatched parentheses, or misspelled keywords."
SQLSTATE 23502: Not null violation,"Provide a value for the column or allow NULL values in the table schema."
SQLSTATE 08006: Connection failure,"Verify the database server is running and check network/firewall settings."
SQLSTATE 40P01: Deadlock detected,"Retry the transaction or optimize query order to reduce resource locking."
SQLSTATE 22012: Division by zero,"Use a CASE statement or NULLIF to handle zero denominators in calculations."
SQLSTATE 42P07: Duplicate table,"Choose a unique name or use 'CREATE TABLE IF NOT EXISTS' syntax."
SQLSTATE 28P01: Invalid password,"Verify connection string credentials and ensure the user has access."
SQLSTATE 42701: Duplicate column,"Ensure the column name in your ALTER or CREATE statement is unique."
SQLSTATE 22007: Invalid datetime format,"Verify the date string matches the database format (e.g., YYYY-MM-DD)."
SQLSTATE 57014: Query canceled,"Optimize the query performance or increase the statement timeout limit."
SQLSTATE 23514: Check violation,"Ensure the data meets the criteria defined in the CHECK constraint."
SQLSTATE 42501: Insufficient privilege,"Grant the necessary SELECT, INSERT, or UPDATE permissions to the user."
SQLSTATE 22003: Numeric value out of range,"Use a larger numeric type (e.g., BIGINT) to store the value."
SQLSTATE 08004: Server rejected connection,"Check if the maximum number of connections has been reached on the server."
SQLSTATE 42P04: Duplicate database,"Verify if the database exists before running the CREATE DATABASE command."
SQLSTATE 21000: Cardinality violation,"Ensure a subquery used in an expression returns exactly one row."
SQLSTATE 42803: Grouping error,"Include all non-aggregated columns from the SELECT list in the GROUP BY."
SQLSTATE 42P18: Indeterminate datatype,"Explicitly cast the value using CAST() to resolve type ambiguity."
SQLSTATE 22008: Datetime field overflow,"Check for invalid dates like February 30th or leap year inconsistencies."
SQLSTATE 53300: Too many connections,"Close idle sessions or increase the 'max_connections' system setting."
SQLSTATE 42704: Undefined object,"Verify the index, view, or sequence exists before referencing it."
SQLSTATE 2BP01: Dependent objects exist,"Use 'DROP ... CASCADE' to remove the object and its dependencies."
SQLSTATE 42883: Undefined function,"Check function name and ensure argument types match the definition."
SQLSTATE 22018: Invalid character for cast,"Verify that the source string can be logically converted to the target type."
SQLSTATE 0A000: Feature not supported,"Consult documentation for alternative syntax supported by your DB engine."
SQLSTATE 42P10: Invalid column reference,"Ensure column aliases are not used in WHERE; use a CTE or subquery."
SQLSTATE 22P02: Invalid text representation,"Clean input data to remove illegal characters for the target data type."
SQLSTATE 53100: Disk full,"Free up space on the database drive or move logs to another partition."
SQLSTATE 25P02: In failed sql transaction,"Roll back the current transaction before attempting new commands."
SQLSTATE 42P11: Invalid cursor name,"Ensure the cursor is declared and opened before attempting to fetch."
SQLSTATE 42804: Datatype mismatch,"Align data types in your UNION, JOIN, or CASE statement branches."
SQLSTATE 42P13: Invalid parameter definition,"Check the syntax of your stored procedure or function parameters."
SQLSTATE 22023: Invalid parameter value,"Verify values passed to built-in functions are within valid ranges."
SQLSTATE 42P16: Invalid table definition,"Ensure the table has at least one column and a valid name."
SQLSTATE 2200B: Escape character conflict,"Check LIKE patterns for improper use of the ESCAPE clause."
SQLSTATE 42710: Duplicate object,"Verify that the index or constraint name is not already in use."
SQLSTATE 2201E: Invalid argument for log,"Ensure the argument for the LOG() function is a positive numeric value."
SQLSTATE 42P15: Invalid schema name,"Check the schema prefix and ensure it exists in the current database."
SQLSTATE 25001: Active sql transaction,"Commit or rollback the current transaction before starting a new one."
SQLSTATE 42P06: Duplicate schema,"Verify if the schema exists before running CREATE SCHEMA."
SQLSTATE 2201F: Invalid argument for power,"Ensure POWER() arguments do not result in undefined complex numbers."
SQLSTATE 42846: Cannot cast type,"Use a custom conversion function if a direct CAST is not possible."
SQLSTATE 2201G: Invalid width bucket,"Ensure width_bucket parameters satisfy the (min < max) requirement."
SQLSTATE 42P05: Duplicate prepared statement,"Deallocate the existing prepared statement before recreating it."
SQLSTATE 22019: Invalid escape character,"Use a single character string for the ESCAPE value in LIKE queries."
SQLSTATE 42P14: Control reached end,"Ensure all logic paths in your stored function return a value."
SQLSTATE 2201B: Invalid regular expression,"Validate regex syntax against the database-supported standard."
SQLSTATE 42P12: Invalid collation,"Verify the collation is supported by the OS and database instance."
SQLSTATE 22025: Invalid escape sequence,"Ensure backslashes or escape characters are used correctly in strings."
SQLSTATE 42712: Duplicate alias,"Provide unique aliases for tables in a JOIN to avoid ambiguity."
SQLSTATE 22027: Trim error,"Ensure the character to be trimmed is exactly one character long."
SQLSTATE 42809: Wrong object type,"Verify you are not trying to 'DROP TABLE' on a View or vice versa."
SQLSTATE 22030: Duplicate array element,"Remove duplicate entries if the array requires unique elements."
SQLSTATE 42P02: Undefined parameter,"Check that all placeholders ($1, $2, ?) have corresponding values."
SQLSTATE 22031: No element in array,"Ensure the array index being accessed is within the array bounds."
SQLSTATE 42830: Invalid foreign key,"Verify the parent table has a matching PRIMARY or UNIQUE key."
SQLSTATE 22032: Invalid JSON escape,"Check JSON string escape logic for invalid sequences."
SQLSTATE 42P09: Ambiguous alias,"Use table prefixes (table.column) to distinguish identical names."
SQLSTATE 22033: Invalid JSON subscript,"Check that the JSON path references an existing array element."
SQLSTATE 42723: Duplicate function,"Differentiate functions by argument types or drop the old one."
SQLSTATE 22034: Invalid JSON text,"Validate the JSON input using a [JSON Validator](https://jsonlint.com)."
SQLSTATE 42P03: Duplicate cursor,"Close the existing cursor before attempting to open it again."
SQLSTATE 22035: Invalid JSON item,"Verify that the specific item being extracted from JSON exists."
SQLSTATE 428C9: Cannot drop active role,"Disconnect all sessions for the role before dropping it."
SQLSTATE 22036: Invalid JSON key,"Ensure JSON keys follow the naming conventions of the database."
SQLSTATE 42P17: Infinite recursion,"Check Recursive CTE terms for a valid termination condition."
SQLSTATE 22037: Invalid JSON start,"Verify the JSON string starts with a valid '{' or '[' character."
SQLSTATE 42P21: Collation mismatch,"Ensure both sides of a comparison use compatible collation settings."
SQLSTATE 22038: Invalid JSON end,"Verify the JSON string ends with the appropriate closing bracket."
SQLSTATE 42P22: Indeterminate collation,"Explicitly define the collation for the column or expression."
SQLSTATE 22039: Invalid JSON object,"Check for trailing commas or missing quotes in the JSON object."
SQLSTATE 42725: Ambiguous function,"Provide explicit type casts for arguments to help the parser."
SQLSTATE 2203A: Invalid JSON array,"Ensure all elements in the JSON array are separated by commas."
SQLSTATE 42P19: Invalid table alias,"Avoid using reserved SQL keywords as table or column aliases."
SQLSTATE 2203B: Invalid JSON scalar,"Check the data type of the scalar value within the JSON structure."
SQLSTATE 42P20: Invalid window frame,"Verify the ROWS or RANGE clause in your window function is valid."
SQLSTATE 2203C: Invalid JSON null,"Ensure 'null' is lowercase and not wrapped in extra quotes."
SQLSTATE 42805: Grouping column error,"Ensure columns in SELECT match those defined in GROUP BY."
SQLSTATE 2203D: Invalid JSON boolean,"Verify that boolean values are 'true' or 'false' (unquoted)."
SQLSTATE 42807: Invalid restriction,"Consult documentation for specific limitations on the command used."
SQLSTATE 2203E: Invalid JSON number,"Ensure numeric values in JSON do not have invalid leading zeros."
SQLSTATE 42843: Invalid ORDER BY,"Ensure columns used in ORDER BY are available in the result set."
SQLSTATE 2203F: Invalid JSON string,"Check for unescaped control characters within the JSON string."
SQLSTATE 42P08: Ambiguous parameter,"Assign unique names or positions to query parameters."
SQLSTATE 2203G: Invalid JSON path,"Verify the syntax of the JSONPath expression being used."
SQLSTATE 42939: Reserved name,"Rename the object to avoid using system-reserved keywords."
SQLSTATE 2203H: Invalid JSON search,"Check the parameters of the JSON search or match function."
SQLSTATE 42P1B: Invalid tablesample,"Ensure the sampling method and percentage are valid."
SQLSTATE 2203I: Invalid JSON update,"Verify the target path for the JSON update operation exists."
SQLSTATE 42P1C: Invalid view column,"Ensure all columns in the view definition have unique names."
SQLSTATE 2203J: Invalid JSON delete,"Check the path provided for the JSON deletion operation."
SQLSTATE 42P1D: Invalid materialized view,"Ensure the query for the materialized view is valid and efficient."
SQLSTATE 2203K: Invalid JSON insert,"Verify the data being inserted into the JSON field is valid."
SQLSTATE 42P1E: Invalid column def,"Check the data type and constraints for the new column."
SQLSTATE 2203L: Invalid JSON merge,"Ensure the JSON objects being merged are correctly formatted."
SQLSTATE 42703: Undefined column,"Check the spelling of the column and verify it exists in the target table."
SQLSTATE 42P01: Undefined table,"Verify the table name and ensure you are in the correct schema/database."
SQLSTATE 23505: Unique violation,"Check for duplicate values in columns with UNIQUE or PRIMARY KEY constraints."
SQLSTATE 23503: Foreign key violation,"Ensure the referencing value exists in the parent table before inserting."
SQLSTATE 22001: String data right truncation,"Increase the column length or shorten the input string to fit the limit."
SQLSTATE 42601: Syntax error,"Check for missing commas, mismatched parentheses, or misspelled keywords."
SQLSTATE 23502: Not null violation,"Provide a value for the column or allow NULL values in the table schema."
SQLSTATE 08006: Connection failure,"Verify the database server is running and check network/firewall settings."
SQLSTATE 40P01: Deadlock detected,"Retry the transaction or optimize query order to reduce resource locking."
SQLSTATE 22012: Division by zero,"Use a CASE statement or NULLIF to handle zero denominators in calculations."
SQLSTATE 42P07: Duplicate table,"Choose a unique name or use 'CREATE TABLE IF NOT EXISTS' syntax."
SQLSTATE 28P01: Invalid password,"Verify connection string credentials and ensure the user has access."
SQLSTATE 42701: Duplicate column,"Ensure the column name in your ALTER or CREATE statement is unique."
SQLSTATE 22007: Invalid datetime format,"Verify the date string matches the database format (e.g., YYYY-MM-DD)."
SQLSTATE 57014: Query canceled,"Optimize the query performance or increase the statement timeout limit."
SQLSTATE 23514: Check violation,"Ensure the data meets the criteria defined in the CHECK constraint."
SQLSTATE 42501: Insufficient privilege,"Grant the necessary SELECT, INSERT, or UPDATE permissions to the user."
SQLSTATE 22003: Numeric value out of range,"Use a larger numeric type (e.g., BIGINT) to store the value."
SQLSTATE 08004: Server rejected connection,"Check if the maximum number of connections has been reached on the server."
SQLSTATE 42P04: Duplicate database,"Verify if the database exists before running the CREATE DATABASE command."
SQLSTATE 21000: Cardinality violation,"Ensure a subquery used in an expression returns exactly one row."
SQLSTATE 42803: Grouping error,"Include all non-aggregated columns from the SELECT list in the GROUP BY."
SQLSTATE 42P18: Indeterminate datatype,"Explicitly cast the value using CAST() to resolve type ambiguity."
SQLSTATE 22008: Datetime field overflow,"Check for invalid dates like February 30th or leap year inconsistencies."
SQLSTATE 53300: Too many connections,"Close idle sessions or increase the 'max_connections' system setting."
SQLSTATE 42704: Undefined object,"Verify the index, view, or sequence exists before referencing it."
SQLSTATE 2BP01: Dependent objects exist,"Use 'DROP ... CASCADE' to remove the object and its dependencies."
SQLSTATE 42883: Undefined function,"Check function name and ensure argument types match the definition."
SQLSTATE 22018: Invalid character for cast,"Verify that the source string can be logically converted to the target type."
SQLSTATE 0A000: Feature not supported,"Consult documentation for alternative syntax supported by your DB engine."
SQLSTATE 42P10: Invalid column reference,"Ensure column aliases are not used in WHERE; use a CTE or subquery."
SQLSTATE 22P02: Invalid text representation,"Clean input data to remove illegal characters for the target data type."
SQLSTATE 53100: Disk full,"Free up space on the database drive or move logs to another partition."
SQLSTATE 25P02: In failed sql transaction,"Roll back the current transaction before attempting new commands."
SQLSTATE 42P11: Invalid cursor name,"Ensure the cursor is declared and opened before attempting to fetch."
SQLSTATE 42804: Datatype mismatch,"Align data types in your UNION JOIN or CASE statement branches."
SQLSTATE 42P13: Invalid parameter definition,"Check the syntax of your stored procedure or function parameters."
SQLSTATE 22023: Invalid parameter value,"Verify values passed to built-in functions are within valid ranges."
SQLSTATE 42P16: Invalid table definition,"Ensure the table has at least one column and a valid name."
SQLSTATE 2200B: Escape character conflict,"Check LIKE patterns for improper use of the ESCAPE clause."
SQLSTATE 42710: Duplicate object,"Verify that the index or constraint name is not already in use."
SQLSTATE 2201E: Invalid argument for log,"Ensure the argument for the LOG() function is a positive numeric value."
SQLSTATE 42P15: Invalid schema name,"Check the schema prefix and ensure it exists in the current database."
SQLSTATE 25001: Active sql transaction,"Commit or rollback the current transaction before starting a new one."
SQLSTATE 42P06: Duplicate schema,"Verify if the schema exists before running CREATE SCHEMA."
SQLSTATE 2201F: Invalid argument for power,"Ensure POWER() arguments do not result in undefined complex numbers."
SQLSTATE 42846: Cannot cast type,"Use a custom conversion function if a direct CAST is not possible."
SQLSTATE 2201G: Invalid width bucket,"Ensure width_bucket parameters satisfy the (min < max) requirement."
SQLSTATE 42P05: Duplicate prepared statement,"Deallocate the existing prepared statement before recreating it."
SQLSTATE 22019: Invalid escape character,"Use a single character string for the ESCAPE value in LIKE queries."
SQLSTATE 42P14: Control reached end,"Ensure all logic paths in your stored function return a value."
SQLSTATE 2201B: Invalid regular expression,"Validate regex syntax against the database-supported standard."
SQLSTATE 42P12: Invalid collation,"Verify the collation is supported by the OS and database instance."
SQLSTATE 22025: Invalid escape sequence,"Ensure backslashes or escape characters are used correctly in strings."
SQLSTATE 42712: Duplicate alias,"Provide unique aliases for tables in a JOIN to avoid ambiguity."
SQLSTATE 22027: Trim error,"Ensure the character to be trimmed is exactly one character long."
SQLSTATE 42809: Wrong object type,"Verify you are not trying to 'DROP TABLE' on a View or vice versa."
SQLSTATE 22030: Duplicate array element,"Remove duplicate entries if the array requires unique elements."
SQLSTATE 42P02: Undefined parameter,"Check that all placeholders  have corresponding values."
SQLSTATE 22031: No element in array,"Ensure the array index being accessed is within the array bounds."
SQLSTATE 42830: Invalid foreign key,"Verify the parent table has a matching PRIMARY or UNIQUE key."
SQLSTATE 22032: Invalid JSON escape,"Check JSON string escape logic for invalid sequences."
SQLSTATE 42P09: Ambiguous alias,"Use table prefixes (table.column) to distinguish identical names."
SQLSTATE 22033: Invalid JSON subscript,"Check that the JSON path references an existing array element."
SQLSTATE 42723: Duplicate function,"Differentiate functions by argument types or drop the old one."
SQLSTATE 22034: Invalid JSON text,"Validate JSON input using an online [JSON Validator](https://jsonlint.com)."
SQLSTATE 42P03: Duplicate cursor,"Close the existing cursor before attempting to open it again."
SQLSTATE 22035: Invalid JSON item,"Verify that the specific item being extracted from JSON exists."
SQLSTATE 428C9: Cannot drop active role,"Disconnect all sessions for the role before dropping it."
SQLSTATE 22036: Invalid JSON key,"Ensure JSON keys follow the naming conventions of the database."
SQLSTATE 42P17: Infinite recursion,"Check Recursive CTE terms for a valid termination condition."
SQLSTATE 22037: Invalid JSON start,"Verify the JSON string starts with a valid '{' or '[' character."
SQLSTATE 42P21: Collation mismatch,"Ensure both sides of a comparison use compatible collation settings."
SQLSTATE 22038: Invalid JSON end,"Verify the JSON string ends with the appropriate closing bracket."
SQLSTATE 42P22: Indeterminate collation,"Explicitly define the collation for the column or expression."
SQLSTATE 22039: Invalid JSON object,"Check for trailing commas or missing quotes in the JSON object."
SQLSTATE 42725: Ambiguous function,"Provide explicit type casts for arguments to help the parser."
SQLSTATE 2203A: Invalid JSON array,"Ensure all elements in the JSON array are separated by commas."
SQLSTATE 42P19: Invalid table alias,"Avoid using reserved SQL keywords as table or column aliases."
SQLSTATE 2203B: Invalid JSON scalar,"Check the data type of the scalar value within the JSON structure."
SQLSTATE 42P20: Invalid window frame,"Verify the ROWS or RANGE clause in your window function is valid."
SQLSTATE 2203C: Invalid JSON null,"Ensure 'null' is lowercase and not wrapped in extra quotes."
SQLSTATE 42805: Grouping column error,"Ensure columns in SELECT match those defined in GROUP BY."
SQLSTATE 2203D: Invalid JSON boolean,"Verify that boolean values are 'true' or 'false' (unquoted)."
SQLSTATE 42807: Invalid restriction,"Consult documentation for specific limitations on the command used."
SQLSTATE 2203E: Invalid JSON number,"Ensure numeric values in JSON do not have invalid leading zeros."
SQLSTATE 42843: Invalid ORDER BY,"Ensure columns used in ORDER BY are available in the result set."
SQLSTATE 2203F: Invalid JSON string,"Check for unescaped control characters within the JSON string."
SQLSTATE 42P08: Ambiguous parameter,"Assign unique names or positions to query parameters."
SQLSTATE 2203G: Invalid JSON path,"Verify the syntax of the JSONPath expression being used."
SQLSTATE 42939: Reserved name,"Rename the object to avoid using system-reserved keywords."
SQLSTATE 2203H: Invalid JSON search,"Check the parameters of the JSON search or match function."
SQLSTATE 42P1B: Invalid tablesample,"Ensure the sampling method and percentage are valid."
SQLSTATE 2203I: Invalid JSON update,"Verify the target path for the JSON update operation exists."
SQLSTATE 42P1C: Invalid view column,"Ensure all columns in the view definition have unique names."
SQLSTATE 2203J: Invalid JSON delete,"Check the path provided for the JSON deletion operation."
SQLSTATE 42P1D: Invalid materialized view,"Ensure the query for the materialized view is valid and efficient."
SQLSTATE 2203K: Invalid JSON insert,"Verify the data being inserted into the JSON field is valid."
SQLSTATE 42P1E: Invalid column def,"Check the data type and constraints for the new column."
SQLSTATE 2203L: Invalid JSON merge,"Ensure the JSON objects being merged are correctly formatted."